2025-04-13 09:31:50.517 [info] Starting TS Server
2025-04-13 09:31:50.519 [info] Using tsserver from: /usr/share/code/resources/app/extensions/node_modules/typescript/lib/tsserver.js
2025-04-13 09:31:50.519 [info] <syntax> Forking...
2025-04-13 09:31:50.519 [info] <syntax> Starting...
2025-04-13 09:31:50.519 [info] <semantic> Forking...
2025-04-13 09:31:50.519 [info] <semantic> Starting...
2025-04-13 10:16:41.453 [error] TSServer exited. Code: null. Signal: SIGTERM
2025-04-13 10:16:41.454 [info] Starting TS Server
2025-04-13 10:16:41.454 [info] Not starting server: disposed
2025-04-13 10:17:30.651 [info] Starting TS Server
2025-04-13 10:17:30.662 [info] Using tsserver from: /usr/share/code/resources/app/extensions/node_modules/typescript/lib/tsserver.js
2025-04-13 10:17:30.662 [info] <syntax> Forking...
2025-04-13 10:17:30.662 [info] <syntax> Starting...
2025-04-13 10:17:30.662 [info] <semantic> Forking...
2025-04-13 10:17:30.662 [info] <semantic> Starting...
2025-04-13 10:18:32.094 [error] TSServer exited. Code: null. Signal: SIGTERM
2025-04-13 10:18:32.096 [info] Starting TS Server
2025-04-13 10:18:32.096 [info] Not starting server: disposed
2025-04-13 10:19:18.534 [info] Starting TS Server
2025-04-13 10:19:18.536 [info] Using tsserver from: /usr/share/code/resources/app/extensions/node_modules/typescript/lib/tsserver.js
2025-04-13 10:19:18.536 [info] <syntax> Forking...
2025-04-13 10:19:18.536 [info] <syntax> Starting...
2025-04-13 10:19:18.536 [info] <semantic> Forking...
2025-04-13 10:19:18.536 [info] <semantic> Starting...
2025-04-13 10:34:34.868 [info] Starting TS Server
2025-04-13 10:34:34.869 [info] Using tsserver from: /usr/share/code/resources/app/extensions/node_modules/typescript/lib/tsserver.js
2025-04-13 10:34:34.869 [info] <syntax> Forking...
2025-04-13 10:34:34.870 [info] <syntax> Starting...
2025-04-13 10:34:34.870 [info] <semantic> Forking...
2025-04-13 10:34:34.870 [info] <semantic> Starting...
2025-04-13 10:39:12.875 [error] TSServer exited. Code: null. Signal: SIGTERM
2025-04-13 10:39:12.881 [info] Starting TS Server
2025-04-13 10:39:12.881 [info] Not starting server: disposed
2025-04-13 10:39:51.412 [info] Starting TS Server
2025-04-13 10:39:51.415 [info] Using tsserver from: /usr/share/code/resources/app/extensions/node_modules/typescript/lib/tsserver.js
2025-04-13 10:39:51.415 [info] <syntax> Forking...
2025-04-13 10:39:51.415 [info] <syntax> Starting...
2025-04-13 10:39:51.415 [info] <semantic> Forking...
2025-04-13 10:39:51.415 [info] <semantic> Starting...
2025-04-13 11:24:04.052 [error] TSServer exited. Code: null. Signal: SIGTERM
2025-04-13 11:24:04.063 [info] Starting TS Server
2025-04-13 11:24:04.063 [info] Not starting server: disposed
