Error loading "hint" package from "/root/backendform"
Trying to load shared version
Error loading shared "hint" package
Error: Cannot find module 'hint'
Require stack:
- /root/.vscode/extensions/ms-edgedevtools.vscode-edge-devtools-2.1.8/node_modules/vscode-webhint/dist/src/server.js
    at Module._resolveFilename (node:internal/modules/cjs/loader:1232:15)
    at Function.resolve (node:internal/modules/helpers:190:19)
    at loadPackage (/root/.vscode/extensions/ms-edgedevtools.vscode-edge-devtools-2.1.8/node_modules/vscode-webhint/dist/src/server.js:1:6158)
    at a (/root/.vscode/extensions/ms-edgedevtools.vscode-edge-devtools-2.1.8/node_modules/vscode-webhint/dist/src/server.js:1:8862)
    at t.loadWebhint (/root/.vscode/extensions/ms-edgedevtools.vscode-edge-devtools-2.1.8/node_modules/vscode-webhint/dist/src/server.js:1:9509)
    at t.Analyzer.initWebhint (/root/.vscode/extensions/ms-edgedevtools.vscode-edge-devtools-2.1.8/node_modules/vscode-webhint/dist/src/server.js:1:3305)
    at t.Analyzer.validateTextDocument (/root/.vscode/extensions/ms-edgedevtools.vscode-edge-devtools-2.1.8/node_modules/vscode-webhint/dist/src/server.js:1:3996)
    at /root/.vscode/extensions/ms-edgedevtools.vscode-edge-devtools-2.1.8/node_modules/vscode-webhint/dist/src/server.js:1:185888
    at i.invoke (/root/.vscode/extensions/ms-edgedevtools.vscode-edge-devtools-2.1.8/node_modules/vscode-webhint/dist/src/server.js:1:39170)
    at s.fire (/root/.vscode/extensions/ms-edgedevtools.vscode-edge-devtools-2.1.8/node_modules/vscode-webhint/dist/src/server.js:1:39935) {
  code: 'MODULE_NOT_FOUND',
  requireStack: [
    '/root/.vscode/extensions/ms-edgedevtools.vscode-edge-devtools-2.1.8/node_modules/vscode-webhint/dist/src/server.js'
  ]
}
Unable to install shared webhint instance [Error: ENOENT: no such file or directory, mkdir '/root/backendform/~/.vscode-root/User/globalStorage/ms-edgedevtools.vscode-edge-devtools'] {
  errno: -2,
  code: 'ENOENT',
  syscall: 'mkdir',
  path: '/root/backendform/~/.vscode-root/User/globalStorage/ms-edgedevtools.vscode-edge-devtools'
}
Unable to load shared webhint instance Error: Cannot find module 'hint'
Require stack:
- /root/.vscode/extensions/ms-edgedevtools.vscode-edge-devtools-2.1.8/node_modules/vscode-webhint/dist/src/server.js
    at Module._resolveFilename (node:internal/modules/cjs/loader:1232:15)
    at Function.resolve (node:internal/modules/helpers:190:19)
    at loadPackage (/root/.vscode/extensions/ms-edgedevtools.vscode-edge-devtools-2.1.8/node_modules/vscode-webhint/dist/src/server.js:1:6158)
    at a (/root/.vscode/extensions/ms-edgedevtools.vscode-edge-devtools-2.1.8/node_modules/vscode-webhint/dist/src/server.js:1:9204)
    at async t.Analyzer.initWebhint (/root/.vscode/extensions/ms-edgedevtools.vscode-edge-devtools-2.1.8/node_modules/vscode-webhint/dist/src/server.js:1:3283)
    at async t.Analyzer.validateTextDocument (/root/.vscode/extensions/ms-edgedevtools.vscode-edge-devtools-2.1.8/node_modules/vscode-webhint/dist/src/server.js:1:3985)
    at async /root/.vscode/extensions/ms-edgedevtools.vscode-edge-devtools-2.1.8/node_modules/vscode-webhint/dist/src/server.js:1:185880 {
  code: 'MODULE_NOT_FOUND',
  requireStack: [
    '/root/.vscode/extensions/ms-edgedevtools.vscode-edge-devtools-2.1.8/node_modules/vscode-webhint/dist/src/server.js'
  ]
}
Installing shared version of "hint"
