2025-04-13 09:26:03.821 [info] [main] Log level: Info
2025-04-13 09:26:03.822 [info] [main] Validating found git in: "git"
2025-04-13 09:26:03.822 [info] [main] Using git "2.49.0" from "git"
2025-04-13 09:26:03.822 [info] [Model][doInitialScan] Initial repository scan started
2025-04-13 09:26:03.822 [info] > git rev-parse --show-toplevel [528ms]
2025-04-13 09:26:03.822 [info] fatal: not a git repository (or any of the parent directories): .git
2025-04-13 09:26:03.822 [info] > git rev-parse --show-toplevel [112ms]
2025-04-13 09:26:03.822 [info] fatal: not a git repository (or any of the parent directories): .git
2025-04-13 09:26:03.822 [info] > git rev-parse --show-toplevel [45ms]
2025-04-13 09:26:03.822 [info] fatal: not a git repository (or any of the parent directories): .git
2025-04-13 09:26:03.822 [info] > git rev-parse --show-toplevel [25ms]
2025-04-13 09:26:03.822 [info] fatal: not a git repository (or any of the parent directories): .git
2025-04-13 09:26:03.822 [info] > git rev-parse --show-toplevel [896ms]
2025-04-13 09:26:03.822 [info] fatal: not a git repository (or any of the parent directories): .git
2025-04-13 09:26:03.822 [info] [Model][doInitialScan] Initial repository scan completed - repositories (0), closed repositories (0), parent repositories (0), unsafe repositories (0)
2025-04-13 09:26:27.854 [info] > git rev-parse --show-toplevel [131ms]
2025-04-13 09:26:27.855 [info] fatal: not a git repository (or any of the parent directories): .git
2025-04-13 09:26:41.493 [info] > git rev-parse --show-toplevel [74ms]
2025-04-13 09:26:41.493 [info] fatal: not a git repository (or any of the parent directories): .git
2025-04-13 09:28:52.906 [info] > git rev-parse --show-toplevel [108ms]
2025-04-13 09:28:52.914 [info] fatal: not a git repository (or any of the parent directories): .git
2025-04-13 09:29:28.404 [info] > git rev-parse --show-toplevel [60ms]
2025-04-13 09:29:28.405 [info] fatal: not a git repository (or any of the parent directories): .git
2025-04-13 09:31:03.793 [info] > git rev-parse --show-toplevel [80ms]
2025-04-13 09:31:03.794 [info] fatal: not a git repository (or any of the parent directories): .git
2025-04-13 09:31:49.880 [info] > git rev-parse --show-toplevel [59ms]
2025-04-13 09:31:49.881 [info] fatal: not a git repository (or any of the parent directories): .git
2025-04-13 09:33:37.097 [info] > git rev-parse --show-toplevel [63ms]
2025-04-13 09:33:37.106 [info] fatal: not a git repository (or any of the parent directories): .git
2025-04-13 09:35:12.763 [info] > git rev-parse --show-toplevel [106ms]
2025-04-13 09:35:12.765 [info] fatal: not a git repository (or any of the parent directories): .git
2025-04-13 09:35:21.294 [info] > git rev-parse --show-toplevel [65ms]
2025-04-13 09:35:21.294 [info] fatal: not a git repository (or any of the parent directories): .git
2025-04-13 09:35:33.374 [info] > git rev-parse --show-toplevel [36ms]
2025-04-13 09:35:33.374 [info] fatal: not a git repository (or any of the parent directories): .git
2025-04-13 09:35:35.349 [info] > git rev-parse --show-toplevel [42ms]
2025-04-13 09:35:35.349 [info] fatal: not a git repository (or any of the parent directories): .git
2025-04-13 09:37:40.311 [info] > git rev-parse --show-toplevel [88ms]
2025-04-13 09:37:40.312 [info] fatal: not a git repository (or any of the parent directories): .git
2025-04-13 09:38:28.841 [info] > git rev-parse --show-toplevel [50ms]
2025-04-13 09:38:28.842 [info] fatal: not a git repository (or any of the parent directories): .git
2025-04-13 09:38:56.875 [info] > git rev-parse --show-toplevel [93ms]
2025-04-13 09:38:56.875 [info] fatal: not a git repository (or any of the parent directories): .git
2025-04-13 09:39:55.693 [info] > git rev-parse --show-toplevel [43ms]
2025-04-13 09:39:55.699 [info] fatal: not a git repository (or any of the parent directories): .git
2025-04-13 09:40:03.883 [info] > git rev-parse --show-toplevel [39ms]
2025-04-13 09:40:03.884 [info] fatal: not a git repository (or any of the parent directories): .git
2025-04-13 09:40:13.965 [info] > git rev-parse --show-toplevel [77ms]
2025-04-13 09:40:13.965 [info] fatal: not a git repository (or any of the parent directories): .git
2025-04-13 09:40:16.058 [info] > git rev-parse --show-toplevel [46ms]
2025-04-13 09:40:16.058 [info] fatal: not a git repository (or any of the parent directories): .git
2025-04-13 09:44:19.052 [info] > git rev-parse --show-toplevel [109ms]
2025-04-13 09:44:19.053 [info] fatal: not a git repository (or any of the parent directories): .git
2025-04-13 09:44:30.562 [info] > git rev-parse --show-toplevel [42ms]
2025-04-13 09:44:30.562 [info] fatal: not a git repository (or any of the parent directories): .git
2025-04-13 09:44:39.951 [info] > git rev-parse --show-toplevel [37ms]
2025-04-13 09:44:39.952 [info] fatal: not a git repository (or any of the parent directories): .git
2025-04-13 09:44:52.313 [info] > git rev-parse --show-toplevel [24ms]
2025-04-13 09:44:52.313 [info] fatal: not a git repository (or any of the parent directories): .git
2025-04-13 09:45:43.797 [info] > git rev-parse --show-toplevel [174ms]
2025-04-13 09:45:43.797 [info] fatal: not a git repository (or any of the parent directories): .git
2025-04-13 09:45:45.575 [info] > git rev-parse --show-toplevel [55ms]
2025-04-13 09:45:45.575 [info] fatal: not a git repository (or any of the parent directories): .git
2025-04-13 09:45:57.616 [info] > git rev-parse --show-toplevel [81ms]
2025-04-13 09:45:57.616 [info] fatal: not a git repository (or any of the parent directories): .git
2025-04-13 09:46:18.509 [info] > git rev-parse --show-toplevel [50ms]
2025-04-13 09:46:18.509 [info] fatal: not a git repository (or any of the parent directories): .git
2025-04-13 09:47:41.085 [info] > git rev-parse --show-toplevel [80ms]
2025-04-13 09:47:41.091 [info] fatal: not a git repository (or any of the parent directories): .git
2025-04-13 09:50:13.471 [info] > git rev-parse --show-toplevel [118ms]
2025-04-13 09:50:13.473 [info] fatal: not a git repository (or any of the parent directories): .git
2025-04-13 09:51:50.913 [info] > git rev-parse --show-toplevel [91ms]
2025-04-13 09:51:50.915 [info] fatal: not a git repository (or any of the parent directories): .git
2025-04-13 09:52:49.080 [info] > git rev-parse --show-toplevel [89ms]
2025-04-13 09:52:49.081 [info] fatal: not a git repository (or any of the parent directories): .git
2025-04-13 09:52:55.065 [info] > git rev-parse --show-toplevel [188ms]
2025-04-13 09:52:55.068 [info] fatal: not a git repository (or any of the parent directories): .git
2025-04-13 09:57:09.979 [info] > git rev-parse --show-toplevel [107ms]
2025-04-13 09:57:09.981 [info] fatal: not a git repository (or any of the parent directories): .git
2025-04-13 10:07:47.695 [info] > git rev-parse --show-toplevel [105ms]
2025-04-13 10:07:47.698 [info] fatal: not a git repository (or any of the parent directories): .git
2025-04-13 10:07:55.639 [info] > git rev-parse --show-toplevel [57ms]
2025-04-13 10:07:55.639 [info] fatal: not a git repository (or any of the parent directories): .git
2025-04-13 10:12:50.855 [info] > git rev-parse --show-toplevel [118ms]
2025-04-13 10:12:50.857 [info] fatal: not a git repository (or any of the parent directories): .git
2025-04-13 10:12:57.287 [info] > git rev-parse --show-toplevel [92ms]
2025-04-13 10:12:57.287 [info] fatal: not a git repository (or any of the parent directories): .git
2025-04-13 10:13:13.798 [info] > git rev-parse --show-toplevel [117ms]
2025-04-13 10:13:13.799 [info] fatal: not a git repository (or any of the parent directories): .git
2025-04-13 10:17:32.214 [info] [main] Log level: Info
2025-04-13 10:17:32.216 [info] [main] Validating found git in: "git"
2025-04-13 10:17:32.216 [info] [main] Using git "2.49.0" from "git"
2025-04-13 10:17:32.216 [info] [Model][doInitialScan] Initial repository scan started
2025-04-13 10:17:32.216 [info] > git rev-parse --show-toplevel [1069ms]
2025-04-13 10:17:32.216 [info] fatal: not a git repository (or any of the parent directories): .git
2025-04-13 10:17:32.290 [info] > git rev-parse --show-toplevel [158ms]
2025-04-13 10:17:32.290 [info] fatal: not a git repository (or any of the parent directories): .git
2025-04-13 10:17:32.646 [info] > git rev-parse --show-toplevel [209ms]
2025-04-13 10:17:32.646 [info] fatal: not a git repository (or any of the parent directories): .git
2025-04-13 10:17:33.210 [info] > git rev-parse --show-toplevel [109ms]
2025-04-13 10:17:33.210 [info] fatal: not a git repository (or any of the parent directories): .git
2025-04-13 10:17:33.523 [info] > git rev-parse --show-toplevel [191ms]
2025-04-13 10:17:33.523 [info] fatal: not a git repository (or any of the parent directories): .git
2025-04-13 10:17:33.534 [info] [Model][doInitialScan] Initial repository scan completed - repositories (0), closed repositories (0), parent repositories (0), unsafe repositories (0)
2025-04-13 10:19:20.581 [info] [main] Log level: Info
2025-04-13 10:19:20.582 [info] [main] Validating found git in: "git"
2025-04-13 10:19:20.582 [info] [main] Using git "2.49.0" from "git"
2025-04-13 10:19:20.582 [info] [Model][doInitialScan] Initial repository scan started
2025-04-13 10:19:20.582 [info] > git rev-parse --show-toplevel [372ms]
2025-04-13 10:19:20.582 [info] fatal: not a git repository (or any of the parent directories): .git
2025-04-13 10:19:20.598 [info] > git rev-parse --show-toplevel [130ms]
2025-04-13 10:19:20.598 [info] fatal: not a git repository (or any of the parent directories): .git
2025-04-13 10:19:22.994 [info] > git rev-parse --show-toplevel [2232ms]
2025-04-13 10:19:22.994 [info] fatal: not a git repository (or any of the parent directories): .git
2025-04-13 10:19:23.632 [info] > git rev-parse --show-toplevel [444ms]
2025-04-13 10:19:23.633 [info] fatal: not a git repository (or any of the parent directories): .git
2025-04-13 10:19:23.818 [info] > git rev-parse --show-toplevel [105ms]
2025-04-13 10:19:23.818 [info] fatal: not a git repository (or any of the parent directories): .git
2025-04-13 10:19:35.882 [info] > git rev-parse --show-toplevel [11943ms]
2025-04-13 10:19:35.882 [info] fatal: not a git repository (or any of the parent directories): .git
2025-04-13 10:19:37.040 [info] > git rev-parse --show-toplevel [772ms]
2025-04-13 10:19:37.040 [info] fatal: not a git repository (or any of the parent directories): .git
2025-04-13 10:19:37.051 [info] [Model][doInitialScan] Initial repository scan completed - repositories (0), closed repositories (0), parent repositories (0), unsafe repositories (0)
2025-04-13 10:20:44.173 [info] > git rev-parse --show-toplevel [57ms]
2025-04-13 10:20:44.174 [info] fatal: not a git repository (or any of the parent directories): .git
2025-04-13 10:20:44.222 [info] > git rev-parse --show-toplevel [12ms]
2025-04-13 10:20:44.222 [info] fatal: not a git repository (or any of the parent directories): .git
2025-04-13 10:20:44.289 [info] > git rev-parse --show-toplevel [37ms]
2025-04-13 10:20:44.290 [info] fatal: not a git repository (or any of the parent directories): .git
2025-04-13 10:20:44.336 [info] > git rev-parse --show-toplevel [16ms]
2025-04-13 10:20:44.336 [info] fatal: not a git repository (or any of the parent directories): .git
2025-04-13 10:20:44.388 [info] > git rev-parse --show-toplevel [21ms]
2025-04-13 10:20:44.388 [info] fatal: not a git repository (or any of the parent directories): .git
2025-04-13 10:20:44.434 [info] > git rev-parse --show-toplevel [15ms]
2025-04-13 10:20:44.434 [info] fatal: not a git repository (or any of the parent directories): .git
2025-04-13 10:20:44.482 [info] > git rev-parse --show-toplevel [16ms]
2025-04-13 10:20:44.482 [info] fatal: not a git repository (or any of the parent directories): .git
2025-04-13 10:20:44.532 [info] > git rev-parse --show-toplevel [19ms]
2025-04-13 10:20:44.532 [info] fatal: not a git repository (or any of the parent directories): .git
2025-04-13 10:20:44.576 [info] > git rev-parse --show-toplevel [18ms]
2025-04-13 10:20:44.576 [info] fatal: not a git repository (or any of the parent directories): .git
2025-04-13 10:20:44.620 [info] > git rev-parse --show-toplevel [14ms]
2025-04-13 10:20:44.620 [info] fatal: not a git repository (or any of the parent directories): .git
2025-04-13 10:20:44.665 [info] > git rev-parse --show-toplevel [14ms]
2025-04-13 10:20:44.665 [info] fatal: not a git repository (or any of the parent directories): .git
2025-04-13 10:20:44.729 [info] > git rev-parse --show-toplevel [31ms]
2025-04-13 10:20:44.729 [info] fatal: not a git repository (or any of the parent directories): .git
2025-04-13 10:20:44.781 [info] > git rev-parse --show-toplevel [21ms]
2025-04-13 10:20:44.781 [info] fatal: not a git repository (or any of the parent directories): .git
2025-04-13 10:20:44.868 [info] > git rev-parse --show-toplevel [45ms]
2025-04-13 10:20:44.868 [info] fatal: not a git repository (or any of the parent directories): .git
2025-04-13 10:20:44.935 [info] > git rev-parse --show-toplevel [21ms]
2025-04-13 10:20:44.935 [info] fatal: not a git repository (or any of the parent directories): .git
2025-04-13 10:20:45.007 [info] > git rev-parse --show-toplevel [36ms]
2025-04-13 10:20:45.007 [info] fatal: not a git repository (or any of the parent directories): .git
2025-04-13 10:20:45.084 [info] > git rev-parse --show-toplevel [28ms]
2025-04-13 10:20:45.085 [info] fatal: not a git repository (or any of the parent directories): .git
2025-04-13 10:20:45.182 [info] > git rev-parse --show-toplevel [42ms]
2025-04-13 10:20:45.183 [info] fatal: not a git repository (or any of the parent directories): .git
2025-04-13 10:20:45.267 [info] > git rev-parse --show-toplevel [27ms]
2025-04-13 10:20:45.267 [info] fatal: not a git repository (or any of the parent directories): .git
2025-04-13 10:20:45.349 [info] > git rev-parse --show-toplevel [31ms]
2025-04-13 10:20:45.349 [info] fatal: not a git repository (or any of the parent directories): .git
2025-04-13 10:20:45.427 [info] > git rev-parse --show-toplevel [30ms]
2025-04-13 10:20:45.427 [info] fatal: not a git repository (or any of the parent directories): .git
2025-04-13 10:20:45.506 [info] > git rev-parse --show-toplevel [35ms]
2025-04-13 10:20:45.506 [info] fatal: not a git repository (or any of the parent directories): .git
2025-04-13 10:20:45.574 [info] > git rev-parse --show-toplevel [34ms]
2025-04-13 10:20:45.574 [info] fatal: not a git repository (or any of the parent directories): .git
2025-04-13 10:20:45.650 [info] > git rev-parse --show-toplevel [31ms]
2025-04-13 10:20:45.650 [info] fatal: not a git repository (or any of the parent directories): .git
2025-04-13 10:25:58.535 [info] > git rev-parse --show-toplevel [124ms]
2025-04-13 10:25:58.536 [info] fatal: not a git repository (or any of the parent directories): .git
2025-04-13 10:26:02.279 [info] > git rev-parse --show-toplevel [73ms]
2025-04-13 10:26:02.279 [info] fatal: not a git repository (or any of the parent directories): .git
2025-04-13 10:29:38.703 [info] > git rev-parse --show-toplevel [303ms]
2025-04-13 10:29:38.727 [info] fatal: not a git repository (or any of the parent directories): .git
2025-04-13 10:29:58.476 [info] > git rev-parse --show-toplevel [134ms]
2025-04-13 10:29:58.477 [info] fatal: not a git repository (or any of the parent directories): .git
2025-04-13 10:30:01.612 [info] > git rev-parse --show-toplevel [35ms]
2025-04-13 10:30:01.613 [info] fatal: not a git repository (or any of the parent directories): .git
2025-04-13 10:32:23.315 [info] > git rev-parse --show-toplevel [112ms]
2025-04-13 10:32:23.323 [info] fatal: not a git repository (or any of the parent directories): .git
2025-04-13 10:34:37.516 [info] [main] Log level: Info
2025-04-13 10:34:37.517 [info] [main] Validating found git in: "git"
2025-04-13 10:34:37.517 [info] [main] Using git "2.49.0" from "git"
2025-04-13 10:34:37.517 [info] [Model][doInitialScan] Initial repository scan started
2025-04-13 10:34:37.517 [info] > git rev-parse --show-toplevel [379ms]
2025-04-13 10:34:37.517 [info] fatal: not a git repository (or any of the parent directories): .git
2025-04-13 10:34:37.531 [info] > git rev-parse --show-toplevel [118ms]
2025-04-13 10:34:37.532 [info] fatal: not a git repository (or any of the parent directories): .git
2025-04-13 10:34:37.724 [info] > git rev-parse --show-toplevel [116ms]
2025-04-13 10:34:37.724 [info] fatal: not a git repository (or any of the parent directories): .git
2025-04-13 10:34:37.860 [info] > git rev-parse --show-toplevel [73ms]
2025-04-13 10:34:37.860 [info] fatal: not a git repository (or any of the parent directories): .git
2025-04-13 10:34:37.873 [info] [Model][doInitialScan] Initial repository scan completed - repositories (0), closed repositories (0), parent repositories (0), unsafe repositories (0)
2025-04-13 10:39:55.069 [info] [main] Log level: Info
2025-04-13 10:39:55.072 [info] [main] Validating found git in: "git"
2025-04-13 10:39:55.072 [info] [main] Using git "2.49.0" from "git"
2025-04-13 10:39:55.072 [info] [Model][doInitialScan] Initial repository scan started
2025-04-13 10:39:55.072 [info] > git rev-parse --show-toplevel [581ms]
2025-04-13 10:39:55.072 [info] fatal: not a git repository (or any of the parent directories): .git
2025-04-13 10:39:55.072 [info] > git rev-parse --show-toplevel [145ms]
2025-04-13 10:39:55.072 [info] fatal: not a git repository (or any of the parent directories): .git
2025-04-13 10:39:55.226 [info] > git rev-parse --show-toplevel [91ms]
2025-04-13 10:39:55.226 [info] fatal: not a git repository (or any of the parent directories): .git
2025-04-13 10:39:55.337 [info] > git rev-parse --show-toplevel [36ms]
2025-04-13 10:39:55.337 [info] fatal: not a git repository (or any of the parent directories): .git
2025-04-13 10:39:55.462 [info] > git rev-parse --show-toplevel [55ms]
2025-04-13 10:39:55.462 [info] fatal: not a git repository (or any of the parent directories): .git
2025-04-13 10:40:08.094 [info] > git rev-parse --show-toplevel [384ms]
2025-04-13 10:40:08.097 [info] fatal: not a git repository (or any of the parent directories): .git
2025-04-13 10:40:08.463 [info] > git rev-parse --show-toplevel [91ms]
2025-04-13 10:40:08.463 [info] fatal: not a git repository (or any of the parent directories): .git
2025-04-13 10:40:08.665 [info] > git rev-parse --show-toplevel [103ms]
2025-04-13 10:40:08.665 [info] fatal: not a git repository (or any of the parent directories): .git
2025-04-13 10:40:10.439 [info] > git rev-parse --show-toplevel [1701ms]
2025-04-13 10:40:10.439 [info] fatal: not a git repository (or any of the parent directories): .git
2025-04-13 10:40:11.095 [info] > git rev-parse --show-toplevel [455ms]
2025-04-13 10:40:11.095 [info] fatal: not a git repository (or any of the parent directories): .git
2025-04-13 10:40:11.108 [info] [Model][doInitialScan] Initial repository scan completed - repositories (0), closed repositories (0), parent repositories (0), unsafe repositories (0)
2025-04-13 10:51:38.539 [info] > git rev-parse --show-toplevel [295ms]
2025-04-13 10:51:38.541 [info] fatal: not a git repository (or any of the parent directories): .git
2025-04-13 10:51:44.166 [info] > git rev-parse --show-toplevel [186ms]
2025-04-13 10:51:44.171 [info] fatal: not a git repository (or any of the parent directories): .git
2025-04-13 10:51:56.605 [info] > git rev-parse --show-toplevel [201ms]
2025-04-13 10:51:56.609 [info] fatal: not a git repository (or any of the parent directories): .git
