2025-04-13 10:17:31.970 [info] Reading sessions from keychain...
2025-04-13 10:17:31.970 [info] Getting sessions for all scopes...
2025-04-13 10:17:31.970 [info] Getting sessions for all scopes...
2025-04-13 10:17:31.970 [info] Getting sessions for all scopes...
2025-04-13 10:17:31.970 [info] Got stored sessions!
2025-04-13 10:17:31.971 [info] Got 1 verified sessions.
2025-04-13 10:17:31.971 [info] Got 1 sessions for ...
2025-04-13 10:17:31.971 [info] Got 1 sessions for ...
2025-04-13 10:17:31.971 [info] Got 1 sessions for ...
2025-04-13 10:17:31.971 [info] Getting sessions for all scopes...
2025-04-13 10:17:31.971 [info] Got 1 sessions for ...
2025-04-13 10:17:31.971 [info] Getting sessions for all scopes...
2025-04-13 10:17:31.971 [info] Got 1 sessions for ...
2025-04-13 10:17:31.972 [info] Getting sessions for all scopes...
2025-04-13 10:17:31.972 [info] Got 1 sessions for ...
2025-04-13 10:17:31.972 [info] Getting sessions for all scopes...
2025-04-13 10:17:31.972 [info] Got 1 sessions for ...
2025-04-13 10:17:31.973 [info] Getting sessions for all scopes...
2025-04-13 10:17:31.973 [info] Got 1 sessions for ...
2025-04-13 10:17:31.973 [info] Getting sessions for all scopes...
2025-04-13 10:17:31.973 [info] Got 1 sessions for ...
2025-04-13 10:17:31.973 [info] Getting sessions for all scopes...
2025-04-13 10:17:31.973 [info] Got 1 sessions for ...
2025-04-13 10:17:31.973 [info] Getting sessions for all scopes...
2025-04-13 10:17:31.973 [info] Got 1 sessions for ...
2025-04-13 10:17:31.973 [info] Getting sessions for read:user,repo,user:email,workflow...
2025-04-13 10:17:31.973 [info] Got 0 sessions for read:user,repo,user:email,workflow...
2025-04-13 10:17:31.973 [info] Getting sessions for all scopes...
2025-04-13 10:17:31.973 [info] Got 1 sessions for ...
2025-04-13 10:17:31.973 [info] Getting sessions for all scopes...
2025-04-13 10:17:31.973 [info] Got 1 sessions for ...
2025-04-13 10:17:32.648 [info] Getting sessions for read:user...
2025-04-13 10:17:32.648 [info] Got 0 sessions for read:user...
2025-04-13 10:17:32.650 [info] Getting sessions for read:user,repo,user:email,workflow...
2025-04-13 10:17:32.650 [info] Got 0 sessions for read:user,repo,user:email,workflow...
2025-04-13 10:17:33.224 [info] Getting sessions for user:email...
2025-04-13 10:17:33.225 [info] Got 1 sessions for user:email...
2025-04-13 10:17:33.228 [info] Getting sessions for user:email...
2025-04-13 10:17:33.228 [info] Got 1 sessions for user:email...
2025-04-13 10:17:33.231 [info] Getting sessions for read:user,repo,user:email,workflow...
2025-04-13 10:17:33.231 [info] Got 0 sessions for read:user,repo,user:email,workflow...
2025-04-13 10:17:33.695 [info] Getting sessions for all scopes...
2025-04-13 10:17:33.695 [info] Got 1 sessions for ...
2025-04-13 10:17:33.773 [info] Getting sessions for read:user,repo,user:email,workflow...
2025-04-13 10:17:33.774 [info] Got 0 sessions for read:user,repo,user:email,workflow...
2025-04-13 10:17:46.670 [info] Getting sessions for user:email...
2025-04-13 10:17:46.671 [info] Got 1 sessions for user:email...
2025-04-13 10:17:46.690 [info] Getting sessions for all scopes...
2025-04-13 10:17:46.690 [info] Got 1 sessions for ...
2025-04-13 10:17:46.697 [info] Getting sessions for read:user,repo,user:email,workflow...
2025-04-13 10:17:46.697 [info] Got 0 sessions for read:user,repo,user:email,workflow...
2025-04-13 10:17:46.722 [info] Getting sessions for user:email...
2025-04-13 10:17:46.723 [info] Got 1 sessions for user:email...
2025-04-13 10:17:54.246 [info] Getting sessions for all scopes...
2025-04-13 10:17:54.252 [info] Got 1 sessions for ...
2025-04-13 10:17:54.654 [info] Getting sessions for all scopes...
2025-04-13 10:17:54.654 [info] Got 1 sessions for ...
2025-04-13 10:17:54.710 [info] Getting sessions for read:user,repo,user:email,workflow...
2025-04-13 10:17:54.710 [info] Got 0 sessions for read:user,repo,user:email,workflow...
2025-04-13 10:17:54.717 [info] Getting sessions for user:email...
2025-04-13 10:17:54.717 [info] Got 1 sessions for user:email...
2025-04-13 10:17:54.723 [info] Getting sessions for read:user,repo,user:email,workflow...
2025-04-13 10:17:54.723 [info] Got 0 sessions for read:user,repo,user:email,workflow...
2025-04-13 10:17:54.751 [info] Getting sessions for all scopes...
2025-04-13 10:17:54.751 [info] Got 1 sessions for ...
2025-04-13 10:17:54.772 [info] Getting sessions for read:user,repo,user:email,workflow...
2025-04-13 10:17:54.772 [info] Got 0 sessions for read:user,repo,user:email,workflow...
2025-04-13 10:17:54.835 [info] Getting sessions for user:email...
2025-04-13 10:17:54.836 [info] Got 1 sessions for user:email...
2025-04-13 10:17:55.386 [info] Getting sessions for all scopes...
2025-04-13 10:17:55.386 [info] Got 1 sessions for ...
2025-04-13 10:17:55.389 [info] Getting sessions for all scopes...
2025-04-13 10:17:55.389 [info] Got 1 sessions for ...
2025-04-13 10:17:55.422 [info] Getting sessions for read:user,repo,user:email,workflow...
2025-04-13 10:17:55.422 [info] Got 0 sessions for read:user,repo,user:email,workflow...
2025-04-13 10:17:55.432 [info] Getting sessions for user:email...
2025-04-13 10:17:55.432 [info] Got 1 sessions for user:email...
2025-04-13 10:17:55.434 [info] Getting sessions for read:user,repo,user:email,workflow...
2025-04-13 10:17:55.434 [info] Got 0 sessions for read:user,repo,user:email,workflow...
2025-04-13 10:17:55.477 [info] Getting sessions for all scopes...
2025-04-13 10:17:55.477 [info] Got 1 sessions for ...
2025-04-13 10:17:55.485 [info] Getting sessions for read:user,repo,user:email,workflow...
2025-04-13 10:17:55.485 [info] Got 0 sessions for read:user,repo,user:email,workflow...
2025-04-13 10:17:55.496 [info] Getting sessions for user:email...
2025-04-13 10:17:55.496 [info] Got 1 sessions for user:email...
2025-04-13 10:18:00.070 [info] Getting sessions for all scopes...
2025-04-13 10:18:00.071 [info] Got 1 sessions for ...
2025-04-13 10:18:00.110 [info] Getting sessions for read:user,repo,user:email,workflow...
2025-04-13 10:18:00.110 [info] Got 0 sessions for read:user,repo,user:email,workflow...
2025-04-13 10:18:00.124 [info] Getting sessions for user:email...
2025-04-13 10:18:00.124 [info] Got 1 sessions for user:email...
2025-04-13 10:19:18.524 [info] Reading sessions from keychain...
2025-04-13 10:19:18.526 [info] Getting sessions for all scopes...
2025-04-13 10:19:18.526 [info] Getting sessions for all scopes...
2025-04-13 10:19:18.526 [info] Getting sessions for all scopes...
2025-04-13 10:19:18.526 [info] Getting sessions for all scopes...
2025-04-13 10:19:18.526 [info] Getting sessions for all scopes...
2025-04-13 10:19:18.526 [info] Getting sessions for all scopes...
2025-04-13 10:19:18.526 [info] Getting sessions for all scopes...
2025-04-13 10:19:18.526 [info] Getting sessions for all scopes...
2025-04-13 10:19:18.526 [info] Getting sessions for all scopes...
2025-04-13 10:19:18.526 [info] Got stored sessions!
2025-04-13 10:19:18.526 [info] Got 1 verified sessions.
2025-04-13 10:19:18.526 [info] Got 1 sessions for ...
2025-04-13 10:19:18.526 [info] Got 1 sessions for ...
2025-04-13 10:19:18.526 [info] Got 1 sessions for ...
2025-04-13 10:19:18.526 [info] Got 1 sessions for ...
2025-04-13 10:19:18.526 [info] Got 1 sessions for ...
2025-04-13 10:19:18.526 [info] Got 1 sessions for ...
2025-04-13 10:19:18.526 [info] Got 1 sessions for ...
2025-04-13 10:19:18.527 [info] Got 1 sessions for ...
2025-04-13 10:19:18.527 [info] Got 1 sessions for ...
2025-04-13 10:19:18.527 [info] Getting sessions for all scopes...
2025-04-13 10:19:18.527 [info] Got 1 sessions for ...
2025-04-13 10:19:18.527 [info] Getting sessions for all scopes...
2025-04-13 10:19:18.527 [info] Got 1 sessions for ...
2025-04-13 10:19:20.033 [info] Getting sessions for read:user,repo,user:email,workflow...
2025-04-13 10:19:20.034 [info] Got 0 sessions for read:user,repo,user:email,workflow...
2025-04-13 10:19:20.036 [info] Getting sessions for all scopes...
2025-04-13 10:19:20.036 [info] Got 1 sessions for ...
2025-04-13 10:19:20.038 [info] Getting sessions for all scopes...
2025-04-13 10:19:20.038 [info] Got 1 sessions for ...
2025-04-13 10:19:20.690 [info] Getting sessions for read:user...
2025-04-13 10:19:20.690 [info] Got 0 sessions for read:user...
2025-04-13 10:19:20.692 [info] Getting sessions for read:user,repo,user:email,workflow...
2025-04-13 10:19:20.692 [info] Got 0 sessions for read:user,repo,user:email,workflow...
2025-04-13 10:19:23.075 [info] Getting sessions for user:email...
2025-04-13 10:19:23.075 [info] Got 1 sessions for user:email...
2025-04-13 10:19:23.445 [info] Getting sessions for user:email...
2025-04-13 10:19:23.445 [info] Got 1 sessions for user:email...
2025-04-13 10:19:23.447 [info] Getting sessions for read:user,repo,user:email,workflow...
2025-04-13 10:19:23.447 [info] Got 0 sessions for read:user,repo,user:email,workflow...
2025-04-13 10:19:23.821 [info] Getting sessions for all scopes...
2025-04-13 10:19:23.821 [info] Got 1 sessions for ...
2025-04-13 10:19:23.822 [info] Getting sessions for all scopes...
2025-04-13 10:19:23.823 [info] Got 1 sessions for ...
2025-04-13 10:19:36.613 [info] Getting sessions for read:user,repo,user:email,workflow...
2025-04-13 10:19:36.613 [info] Got 0 sessions for read:user,repo,user:email,workflow...
2025-04-13 10:19:37.664 [info] Getting sessions for user:email...
2025-04-13 10:19:37.664 [info] Got 1 sessions for user:email...
2025-04-13 10:19:39.402 [info] Getting sessions for all scopes...
2025-04-13 10:19:39.403 [info] Got 1 sessions for ...
2025-04-13 10:19:39.404 [info] Getting sessions for all scopes...
2025-04-13 10:19:39.404 [info] Got 1 sessions for ...
2025-04-13 10:19:39.442 [info] Getting sessions for read:user,repo,user:email,workflow...
2025-04-13 10:19:39.443 [info] Got 0 sessions for read:user,repo,user:email,workflow...
2025-04-13 10:19:39.484 [info] Getting sessions for user:email...
2025-04-13 10:19:39.484 [info] Got 1 sessions for user:email...
2025-04-13 10:19:39.496 [info] Getting sessions for read:user,repo,user:email,workflow...
2025-04-13 10:19:39.497 [info] Got 0 sessions for read:user,repo,user:email,workflow...
2025-04-13 10:19:39.592 [info] Getting sessions for all scopes...
2025-04-13 10:19:39.592 [info] Got 1 sessions for ...
2025-04-13 10:19:39.608 [info] Getting sessions for read:user,repo,user:email,workflow...
2025-04-13 10:19:39.608 [info] Got 0 sessions for read:user,repo,user:email,workflow...
2025-04-13 10:19:39.617 [info] Getting sessions for user:email...
2025-04-13 10:19:39.617 [info] Got 1 sessions for user:email...
2025-04-13 10:19:46.160 [info] Getting sessions for all scopes...
2025-04-13 10:19:46.160 [info] Got 1 sessions for ...
2025-04-13 10:19:46.168 [info] Getting sessions for all scopes...
2025-04-13 10:19:46.168 [info] Got 1 sessions for ...
2025-04-13 10:19:47.250 [info] Getting sessions for read:user,repo,user:email,workflow...
2025-04-13 10:19:47.250 [info] Got 0 sessions for read:user,repo,user:email,workflow...
2025-04-13 10:19:47.307 [info] Getting sessions for user:email...
2025-04-13 10:19:47.307 [info] Got 1 sessions for user:email...
2025-04-13 10:19:47.319 [info] Getting sessions for read:user,repo,user:email,workflow...
2025-04-13 10:19:47.319 [info] Got 0 sessions for read:user,repo,user:email,workflow...
2025-04-13 10:19:47.530 [info] Getting sessions for all scopes...
2025-04-13 10:19:47.531 [info] Got 1 sessions for ...
2025-04-13 10:19:47.549 [info] Getting sessions for read:user,repo,user:email,workflow...
2025-04-13 10:19:47.549 [info] Got 0 sessions for read:user,repo,user:email,workflow...
2025-04-13 10:19:47.581 [info] Getting sessions for user:email...
2025-04-13 10:19:47.581 [info] Got 1 sessions for user:email...
2025-04-13 10:19:52.235 [info] Getting sessions for all scopes...
2025-04-13 10:19:52.238 [info] Got 1 sessions for ...
2025-04-13 10:19:52.280 [info] Getting sessions for read:user,repo,user:email,workflow...
2025-04-13 10:19:52.280 [info] Got 0 sessions for read:user,repo,user:email,workflow...
2025-04-13 10:19:52.321 [info] Getting sessions for user:email...
2025-04-13 10:19:52.322 [info] Got 1 sessions for user:email...
2025-04-13 10:34:34.898 [info] Reading sessions from keychain...
2025-04-13 10:34:34.899 [info] Getting sessions for all scopes...
2025-04-13 10:34:34.899 [info] Getting sessions for all scopes...
2025-04-13 10:34:34.899 [info] Getting sessions for all scopes...
2025-04-13 10:34:34.899 [info] Getting sessions for all scopes...
2025-04-13 10:34:34.899 [info] Getting sessions for all scopes...
2025-04-13 10:34:34.899 [info] Getting sessions for all scopes...
2025-04-13 10:34:34.899 [info] Getting sessions for all scopes...
2025-04-13 10:34:34.899 [info] Getting sessions for all scopes...
2025-04-13 10:34:34.899 [info] Got stored sessions!
2025-04-13 10:34:34.899 [info] Got 1 verified sessions.
2025-04-13 10:34:34.899 [info] Got 1 sessions for ...
2025-04-13 10:34:34.899 [info] Got 1 sessions for ...
2025-04-13 10:34:34.899 [info] Got 1 sessions for ...
2025-04-13 10:34:34.899 [info] Got 1 sessions for ...
2025-04-13 10:34:34.899 [info] Got 1 sessions for ...
2025-04-13 10:34:34.899 [info] Got 1 sessions for ...
2025-04-13 10:34:34.899 [info] Got 1 sessions for ...
2025-04-13 10:34:34.899 [info] Got 1 sessions for ...
2025-04-13 10:34:34.900 [info] Getting sessions for all scopes...
2025-04-13 10:34:34.900 [info] Got 1 sessions for ...
2025-04-13 10:34:34.900 [info] Getting sessions for all scopes...
2025-04-13 10:34:34.900 [info] Got 1 sessions for ...
2025-04-13 10:34:34.900 [info] Getting sessions for all scopes...
2025-04-13 10:34:34.900 [info] Got 1 sessions for ...
2025-04-13 10:34:37.286 [info] Getting sessions for read:user,repo,user:email,workflow...
2025-04-13 10:34:37.286 [info] Got 0 sessions for read:user,repo,user:email,workflow...
2025-04-13 10:34:37.287 [info] Getting sessions for all scopes...
2025-04-13 10:34:37.287 [info] Got 1 sessions for ...
2025-04-13 10:34:37.288 [info] Getting sessions for all scopes...
2025-04-13 10:34:37.288 [info] Got 1 sessions for ...
2025-04-13 10:34:37.734 [info] Getting sessions for read:user...
2025-04-13 10:34:37.734 [info] Got 0 sessions for read:user...
2025-04-13 10:34:37.743 [info] Getting sessions for read:user,repo,user:email,workflow...
2025-04-13 10:34:37.744 [info] Got 0 sessions for read:user,repo,user:email,workflow...
2025-04-13 10:34:37.879 [info] Getting sessions for user:email...
2025-04-13 10:34:37.879 [info] Got 1 sessions for user:email...
2025-04-13 10:34:37.882 [info] Getting sessions for user:email...
2025-04-13 10:34:37.882 [info] Got 1 sessions for user:email...
2025-04-13 10:34:37.884 [info] Getting sessions for read:user,repo,user:email,workflow...
2025-04-13 10:34:37.884 [info] Got 0 sessions for read:user,repo,user:email,workflow...
2025-04-13 10:34:39.553 [info] Getting sessions for all scopes...
2025-04-13 10:34:39.553 [info] Got 1 sessions for ...
2025-04-13 10:34:39.554 [info] Getting sessions for all scopes...
2025-04-13 10:34:39.554 [info] Got 1 sessions for ...
2025-04-13 10:34:48.899 [info] Getting sessions for read:user,repo,user:email,workflow...
2025-04-13 10:34:48.900 [info] Got 0 sessions for read:user,repo,user:email,workflow...
2025-04-13 10:34:49.316 [info] Getting sessions for user:email...
2025-04-13 10:34:49.316 [info] Got 1 sessions for user:email...
2025-04-13 10:34:50.691 [info] Getting sessions for all scopes...
2025-04-13 10:34:50.692 [info] Got 1 sessions for ...
2025-04-13 10:34:50.736 [info] Getting sessions for all scopes...
2025-04-13 10:34:50.736 [info] Got 1 sessions for ...
2025-04-13 10:34:50.744 [info] Getting sessions for read:user,repo,user:email,workflow...
2025-04-13 10:34:50.744 [info] Got 0 sessions for read:user,repo,user:email,workflow...
2025-04-13 10:34:50.758 [info] Getting sessions for user:email...
2025-04-13 10:34:50.759 [info] Got 1 sessions for user:email...
2025-04-13 10:34:50.760 [info] Getting sessions for read:user,repo,user:email,workflow...
2025-04-13 10:34:50.760 [info] Got 0 sessions for read:user,repo,user:email,workflow...
2025-04-13 10:34:50.783 [info] Getting sessions for all scopes...
2025-04-13 10:34:50.783 [info] Got 1 sessions for ...
2025-04-13 10:34:50.793 [info] Getting sessions for read:user,repo,user:email,workflow...
2025-04-13 10:34:50.794 [info] Got 0 sessions for read:user,repo,user:email,workflow...
2025-04-13 10:34:50.802 [info] Getting sessions for user:email...
2025-04-13 10:34:50.802 [info] Got 1 sessions for user:email...
2025-04-13 10:34:51.143 [info] Getting sessions for all scopes...
2025-04-13 10:34:51.143 [info] Got 1 sessions for ...
2025-04-13 10:34:51.144 [info] Getting sessions for all scopes...
2025-04-13 10:34:51.144 [info] Got 1 sessions for ...
2025-04-13 10:34:51.153 [info] Getting sessions for read:user,repo,user:email,workflow...
2025-04-13 10:34:51.153 [info] Got 0 sessions for read:user,repo,user:email,workflow...
2025-04-13 10:34:51.165 [info] Getting sessions for user:email...
2025-04-13 10:34:51.166 [info] Got 1 sessions for user:email...
2025-04-13 10:34:51.167 [info] Getting sessions for read:user,repo,user:email,workflow...
2025-04-13 10:34:51.167 [info] Got 0 sessions for read:user,repo,user:email,workflow...
2025-04-13 10:34:51.211 [info] Getting sessions for all scopes...
2025-04-13 10:34:51.211 [info] Got 1 sessions for ...
2025-04-13 10:34:51.223 [info] Getting sessions for read:user,repo,user:email,workflow...
2025-04-13 10:34:51.224 [info] Got 0 sessions for read:user,repo,user:email,workflow...
2025-04-13 10:34:51.257 [info] Getting sessions for user:email...
2025-04-13 10:34:51.257 [info] Got 1 sessions for user:email...
2025-04-13 10:34:54.909 [info] Getting sessions for all scopes...
2025-04-13 10:34:54.909 [info] Got 1 sessions for ...
2025-04-13 10:34:54.917 [info] Getting sessions for read:user,repo,user:email,workflow...
2025-04-13 10:34:54.918 [info] Got 0 sessions for read:user,repo,user:email,workflow...
2025-04-13 10:34:54.927 [info] Getting sessions for user:email...
2025-04-13 10:34:54.927 [info] Got 1 sessions for user:email...
2025-04-13 10:39:51.389 [info] Reading sessions from keychain...
2025-04-13 10:39:51.390 [info] Getting sessions for all scopes...
2025-04-13 10:39:51.390 [info] Getting sessions for all scopes...
2025-04-13 10:39:51.390 [info] Getting sessions for all scopes...
2025-04-13 10:39:51.390 [info] Getting sessions for all scopes...
2025-04-13 10:39:51.390 [info] Getting sessions for all scopes...
2025-04-13 10:39:51.390 [info] Getting sessions for all scopes...
2025-04-13 10:39:51.390 [info] Getting sessions for all scopes...
2025-04-13 10:39:51.390 [info] Getting sessions for all scopes...
2025-04-13 10:39:51.390 [info] Got stored sessions!
2025-04-13 10:39:51.390 [info] Got 1 verified sessions.
2025-04-13 10:39:51.390 [info] Got 1 sessions for ...
2025-04-13 10:39:51.390 [info] Got 1 sessions for ...
2025-04-13 10:39:51.390 [info] Got 1 sessions for ...
2025-04-13 10:39:51.390 [info] Got 1 sessions for ...
2025-04-13 10:39:51.390 [info] Got 1 sessions for ...
2025-04-13 10:39:51.390 [info] Got 1 sessions for ...
2025-04-13 10:39:51.391 [info] Got 1 sessions for ...
2025-04-13 10:39:51.391 [info] Got 1 sessions for ...
2025-04-13 10:39:51.391 [info] Getting sessions for all scopes...
2025-04-13 10:39:51.391 [info] Got 1 sessions for ...
2025-04-13 10:39:51.391 [info] Getting sessions for all scopes...
2025-04-13 10:39:51.391 [info] Got 1 sessions for ...
2025-04-13 10:39:52.422 [info] Getting sessions for all scopes...
2025-04-13 10:39:52.422 [info] Got 1 sessions for ...
2025-04-13 10:39:54.629 [info] Getting sessions for read:user,repo,user:email,workflow...
2025-04-13 10:39:54.629 [info] Got 0 sessions for read:user,repo,user:email,workflow...
2025-04-13 10:39:54.631 [info] Getting sessions for all scopes...
2025-04-13 10:39:54.631 [info] Got 1 sessions for ...
2025-04-13 10:39:54.633 [info] Getting sessions for all scopes...
2025-04-13 10:39:54.633 [info] Got 1 sessions for ...
2025-04-13 10:39:55.229 [info] Getting sessions for read:user...
2025-04-13 10:39:55.229 [info] Got 0 sessions for read:user...
2025-04-13 10:39:55.231 [info] Getting sessions for read:user,repo,user:email,workflow...
2025-04-13 10:39:55.231 [info] Got 0 sessions for read:user,repo,user:email,workflow...
2025-04-13 10:39:55.311 [info] Getting sessions for user:email...
2025-04-13 10:39:55.312 [info] Got 1 sessions for user:email...
2025-04-13 10:39:55.313 [info] Getting sessions for user:email...
2025-04-13 10:39:55.313 [info] Got 1 sessions for user:email...
2025-04-13 10:39:55.315 [info] Getting sessions for read:user,repo,user:email,workflow...
2025-04-13 10:39:55.316 [info] Got 0 sessions for read:user,repo,user:email,workflow...
2025-04-13 10:39:55.416 [info] Getting sessions for all scopes...
2025-04-13 10:39:55.417 [info] Got 1 sessions for ...
2025-04-13 10:40:07.661 [info] Getting sessions for read:user,repo,user:email,workflow...
2025-04-13 10:40:07.661 [info] Got 0 sessions for read:user,repo,user:email,workflow...
2025-04-13 10:40:08.598 [info] Getting sessions for user:email...
2025-04-13 10:40:08.598 [info] Got 1 sessions for user:email...
2025-04-13 10:40:10.649 [info] Getting sessions for all scopes...
2025-04-13 10:40:10.649 [info] Got 1 sessions for ...
2025-04-13 10:40:11.053 [info] Getting sessions for all scopes...
2025-04-13 10:40:11.053 [info] Got 1 sessions for ...
2025-04-13 10:40:11.246 [info] Getting sessions for read:user,repo,user:email,workflow...
2025-04-13 10:40:11.246 [info] Got 0 sessions for read:user,repo,user:email,workflow...
2025-04-13 10:40:11.261 [info] Getting sessions for user:email...
2025-04-13 10:40:11.261 [info] Got 1 sessions for user:email...
2025-04-13 10:40:12.767 [info] Getting sessions for all scopes...
2025-04-13 10:40:12.767 [info] Got 1 sessions for ...
2025-04-13 10:40:12.768 [info] Getting sessions for all scopes...
2025-04-13 10:40:12.768 [info] Got 1 sessions for ...
2025-04-13 10:40:12.877 [info] Getting sessions for read:user,repo,user:email,workflow...
2025-04-13 10:40:12.878 [info] Got 0 sessions for read:user,repo,user:email,workflow...
2025-04-13 10:40:12.894 [info] Getting sessions for user:email...
2025-04-13 10:40:12.895 [info] Got 1 sessions for user:email...
2025-04-13 10:40:12.896 [info] Getting sessions for read:user,repo,user:email,workflow...
2025-04-13 10:40:12.896 [info] Got 0 sessions for read:user,repo,user:email,workflow...
2025-04-13 10:40:13.043 [info] Getting sessions for all scopes...
2025-04-13 10:40:13.043 [info] Got 1 sessions for ...
2025-04-13 10:40:13.073 [info] Getting sessions for read:user,repo,user:email,workflow...
2025-04-13 10:40:13.073 [info] Got 0 sessions for read:user,repo,user:email,workflow...
2025-04-13 10:40:13.084 [info] Getting sessions for user:email...
2025-04-13 10:40:13.084 [info] Got 1 sessions for user:email...
2025-04-13 10:40:13.806 [info] Getting sessions for all scopes...
2025-04-13 10:40:13.806 [info] Got 1 sessions for ...
2025-04-13 10:40:14.718 [info] Getting sessions for all scopes...
2025-04-13 10:40:14.737 [info] Got 1 sessions for ...
2025-04-13 10:40:15.443 [info] Getting sessions for read:user,repo,user:email,workflow...
2025-04-13 10:40:15.444 [info] Got 0 sessions for read:user,repo,user:email,workflow...
2025-04-13 10:40:15.782 [info] Getting sessions for user:email...
2025-04-13 10:40:15.783 [info] Got 1 sessions for user:email...
2025-04-13 10:40:15.784 [info] Getting sessions for read:user,repo,user:email,workflow...
2025-04-13 10:40:15.784 [info] Got 0 sessions for read:user,repo,user:email,workflow...
2025-04-13 10:40:15.916 [info] Getting sessions for all scopes...
2025-04-13 10:40:15.916 [info] Got 1 sessions for ...
2025-04-13 10:40:17.156 [info] Getting sessions for read:user,repo,user:email,workflow...
2025-04-13 10:40:17.156 [info] Got 0 sessions for read:user,repo,user:email,workflow...
2025-04-13 10:40:17.286 [info] Getting sessions for user:email...
2025-04-13 10:40:17.286 [info] Got 1 sessions for user:email...
2025-04-13 10:40:20.098 [info] Getting sessions for all scopes...
2025-04-13 10:40:20.102 [info] Got 1 sessions for ...
2025-04-13 10:40:20.190 [info] Getting sessions for read:user,repo,user:email,workflow...
2025-04-13 10:40:20.190 [info] Got 0 sessions for read:user,repo,user:email,workflow...
2025-04-13 10:40:20.291 [info] Getting sessions for user:email...
2025-04-13 10:40:20.292 [info] Got 1 sessions for user:email...
2025-04-13 10:55:21.896 [info] Getting sessions for all scopes...
2025-04-13 10:55:21.899 [info] Got 1 sessions for ...
2025-04-13 10:55:21.919 [info] Getting sessions for read:user,repo,user:email,workflow...
2025-04-13 10:55:21.919 [info] Got 0 sessions for read:user,repo,user:email,workflow...
2025-04-13 10:55:21.934 [info] Getting sessions for user:email...
2025-04-13 10:55:21.934 [info] Got 1 sessions for user:email...
2025-04-13 11:10:32.060 [info] Getting sessions for all scopes...
2025-04-13 11:10:32.076 [info] Got 1 sessions for ...
2025-04-13 11:10:32.092 [info] Getting sessions for read:user,repo,user:email,workflow...
2025-04-13 11:10:32.093 [info] Got 0 sessions for read:user,repo,user:email,workflow...
2025-04-13 11:10:32.111 [info] Getting sessions for user:email...
2025-04-13 11:10:32.111 [info] Got 1 sessions for user:email...
2025-04-13 11:10:32.136 [info] Getting sessions for all scopes...
2025-04-13 11:10:32.136 [info] Got 1 sessions for ...
2025-04-13 11:10:32.154 [info] Getting sessions for read:user,repo,user:email,workflow...
2025-04-13 11:10:32.154 [info] Got 0 sessions for read:user,repo,user:email,workflow...
2025-04-13 11:10:32.171 [info] Getting sessions for user:email...
2025-04-13 11:10:32.172 [info] Got 1 sessions for user:email...
2025-04-13 11:10:33.589 [info] Getting sessions for all scopes...
2025-04-13 11:10:33.589 [info] Got 1 sessions for ...
2025-04-13 11:10:33.590 [info] Getting sessions for all scopes...
2025-04-13 11:10:33.590 [info] Got 1 sessions for ...
2025-04-13 11:10:33.596 [info] Getting sessions for read:user,repo,user:email,workflow...
2025-04-13 11:10:33.596 [info] Got 0 sessions for read:user,repo,user:email,workflow...
2025-04-13 11:10:33.603 [info] Getting sessions for user:email...
2025-04-13 11:10:33.603 [info] Got 1 sessions for user:email...
2025-04-13 11:10:33.604 [info] Getting sessions for read:user,repo,user:email,workflow...
2025-04-13 11:10:33.604 [info] Got 0 sessions for read:user,repo,user:email,workflow...
2025-04-13 11:10:33.615 [info] Getting sessions for all scopes...
2025-04-13 11:10:33.615 [info] Got 1 sessions for ...
2025-04-13 11:10:33.624 [info] Getting sessions for read:user,repo,user:email,workflow...
2025-04-13 11:10:33.624 [info] Got 0 sessions for read:user,repo,user:email,workflow...
2025-04-13 11:10:33.630 [info] Getting sessions for user:email...
2025-04-13 11:10:33.630 [info] Got 1 sessions for user:email...
2025-04-13 11:10:33.643 [info] Getting sessions for all scopes...
2025-04-13 11:10:33.644 [info] Got 1 sessions for ...
2025-04-13 11:10:33.645 [info] Getting sessions for all scopes...
2025-04-13 11:10:33.645 [info] Got 1 sessions for ...
2025-04-13 11:10:33.653 [info] Getting sessions for read:user,repo,user:email,workflow...
2025-04-13 11:10:33.653 [info] Got 0 sessions for read:user,repo,user:email,workflow...
2025-04-13 11:10:33.660 [info] Getting sessions for user:email...
2025-04-13 11:10:33.660 [info] Got 1 sessions for user:email...
2025-04-13 11:10:33.661 [info] Getting sessions for read:user,repo,user:email,workflow...
2025-04-13 11:10:33.661 [info] Got 0 sessions for read:user,repo,user:email,workflow...
2025-04-13 11:10:33.687 [info] Getting sessions for all scopes...
2025-04-13 11:10:33.687 [info] Got 1 sessions for ...
2025-04-13 11:10:33.695 [info] Getting sessions for read:user,repo,user:email,workflow...
2025-04-13 11:10:33.695 [info] Got 0 sessions for read:user,repo,user:email,workflow...
2025-04-13 11:10:33.701 [info] Getting sessions for user:email...
2025-04-13 11:10:33.701 [info] Got 1 sessions for user:email...
