Error loading "hint" package from "/root/form/formfill"
Trying to load shared version
Error loading shared "hint" package
Error: Cannot find module 'hint'
Require stack:
- /root/.vscode/extensions/ms-edgedevtools.vscode-edge-devtools-2.1.8/node_modules/vscode-webhint/dist/src/server.js
    at Module._resolveFilename (node:internal/modules/cjs/loader:1232:15)
    at Function.resolve (node:internal/modules/helpers:190:19)
    at loadPackage (/root/.vscode/extensions/ms-edgedevtools.vscode-edge-devtools-2.1.8/node_modules/vscode-webhint/dist/src/server.js:1:6158)
    at a (/root/.vscode/extensions/ms-edgedevtools.vscode-edge-devtools-2.1.8/node_modules/vscode-webhint/dist/src/server.js:1:8862)
    at t.loadWebhint (/root/.vscode/extensions/ms-edgedevtools.vscode-edge-devtools-2.1.8/node_modules/vscode-webhint/dist/src/server.js:1:9509)
    at t.Analyzer.initWebhint (/root/.vscode/extensions/ms-edgedevtools.vscode-edge-devtools-2.1.8/node_modules/vscode-webhint/dist/src/server.js:1:3305)
    at t.Analyzer.validateTextDocument (/root/.vscode/extensions/ms-edgedevtools.vscode-edge-devtools-2.1.8/node_modules/vscode-webhint/dist/src/server.js:1:3996)
    at /root/.vscode/extensions/ms-edgedevtools.vscode-edge-devtools-2.1.8/node_modules/vscode-webhint/dist/src/server.js:1:185888
    at i.invoke (/root/.vscode/extensions/ms-edgedevtools.vscode-edge-devtools-2.1.8/node_modules/vscode-webhint/dist/src/server.js:1:39170)
    at s.fire (/root/.vscode/extensions/ms-edgedevtools.vscode-edge-devtools-2.1.8/node_modules/vscode-webhint/dist/src/server.js:1:39935) {
  code: 'MODULE_NOT_FOUND',
  requireStack: [
    '/root/.vscode/extensions/ms-edgedevtools.vscode-edge-devtools-2.1.8/node_modules/vscode-webhint/dist/src/server.js'
  ]
}
Installing shared version of "hint"
Wrote to /root/backendform/~/.vscode-root/User/globalStorage/ms-edgedevtools.vscode-edge-devtools/package.json:

{
  "name": "ms-edgedevtools.vscode-edge-devtools",
  "version": "1.0.0",
  "description": "",
  "main": "index.js",
  "scripts": {
    "test": "echo \"Error: no test specified\" && exit 1"
  },
  "keywords": [],
  "author": "",
  "license": "ISC",
  "type": "commonjs"
}



npm verbose cli /usr/bin/node /usr/bin/npm
npm info using npm@11.3.0
npm info using node@v22.14.0
npm verbose title npm install @hint/configuration-development@latest hint@latest typescript@latest
npm verbose argv "install" "@hint/configuration-development@latest" "hint@latest" "typescript@latest" "--save-dev" "--loglevel" "verbose"
npm verbose logfile logs-max:10 dir:/root/.npm/_logs/2025-04-13T10_17_43_101Z-
npm verbose logfile /root/.npm/_logs/2025-04-13T10_17_43_101Z-debug-0.log
npm http fetch GET 200 https://registry.npmjs.org/@hint%2fconfiguration-development 6383ms (cache updated)
npm http fetch GET 200 https://registry.npmjs.org/hint 6439ms (cache updated)
npm http fetch GET 200 https://registry.npmjs.org/typescript 7164ms (cache updated)
npm http fetch GET 200 https://registry.npmjs.org/@hint%2fconfiguration-development 264ms (cache updated)
npm http fetch GET 200 https://registry.npmjs.org/hint 232ms (cache updated)
npm http fetch GET 200 https://registry.npmjs.org/typescript 1439ms (cache updated)
npm http fetch GET 200 https://registry.npmjs.org/@hint%2fconfiguration-accessibility 368ms (cache updated)
npm http fetch GET 200 https://registry.npmjs.org/@hint%2fhint-detect-css-reflows 366ms (cache updated)
npm http fetch GET 200 https://registry.npmjs.org/@hint%2fconfiguration-progressive-web-apps 393ms (cache updated)
npm http fetch GET 200 https://registry.npmjs.org/@hint%2fconnector-local 643ms (cache updated)
npm http fetch GET 200 https://registry.npmjs.org/@hint%2fformatter-json 355ms (cache updated)
npm http fetch GET 200 https://registry.npmjs.org/@hint%2fhint-babel-config 338ms (cache updated)
npm http fetch GET 200 https://registry.npmjs.org/@hint%2fformatter-summary 373ms (cache updated)
npm http fetch GET 200 https://registry.npmjs.org/@hint%2fformatter-html 805ms (cache updated)
npm http fetch GET 200 https://registry.npmjs.org/@hint%2fhint-button-type 236ms (cache updated)
npm http fetch GET 200 https://registry.npmjs.org/@hint%2fhint-compat-api 298ms (cache updated)
npm http fetch GET 200 https://registry.npmjs.org/@hint%2fhint-create-element-svg 304ms (cache updated)
npm http fetch GET 200 https://registry.npmjs.org/@hint%2fhint-css-prefix-order 364ms (cache updated)
npm http fetch GET 200 https://registry.npmjs.org/@hint%2fhint-disown-opener 314ms (cache updated)
npm http fetch GET 200 https://registry.npmjs.org/@hint%2fhint-highest-available-document-mode 287ms (cache updated)
npm http fetch GET 200 https://registry.npmjs.org/@hint%2fhint-leading-dot-classlist 245ms (cache updated)
npm http fetch GET 200 https://registry.npmjs.org/@hint%2fhint-meta-charset-utf-8 240ms (cache updated)
npm http fetch GET 200 https://registry.npmjs.org/@hint%2fhint-meta-viewport 290ms (cache updated)
npm http fetch GET 200 https://registry.npmjs.org/@hint%2fhint-no-inline-styles 238ms (cache updated)
npm http fetch GET 200 https://registry.npmjs.org/@hint%2fhint-no-bom 300ms (cache updated)
npm http fetch GET 200 https://registry.npmjs.org/@hint%2fhint-no-protocol-relative-urls 304ms (cache updated)
npm http fetch GET 200 https://registry.npmjs.org/@hint%2fhint-scoped-svg-styles 325ms (cache updated)
npm http fetch GET 200 https://registry.npmjs.org/@hint%2fhint-typescript-config 293ms (cache updated)
npm http fetch GET 200 https://registry.npmjs.org/@hint%2fhint-sri 334ms (cache updated)
npm http fetch GET 200 https://registry.npmjs.org/@hint%2fhint-webpack-config 411ms (cache updated)
npm http fetch GET 200 https://registry.npmjs.org/@hint%2fparser-babel-config 361ms (cache updated)
npm http fetch GET 200 https://registry.npmjs.org/@hint%2fparser-html 261ms (cache updated)
npm http fetch GET 200 https://registry.npmjs.org/@hint%2fparser-javascript 313ms (cache updated)
npm http fetch GET 200 https://registry.npmjs.org/@hint%2fparser-css 465ms (cache updated)
npm http fetch GET 200 https://registry.npmjs.org/@hint%2fparser-jsx 260ms (cache updated)
npm http fetch GET 200 https://registry.npmjs.org/@hint%2fparser-less 262ms (cache updated)
npm http fetch GET 200 https://registry.npmjs.org/@hint%2fparser-sass 238ms (cache updated)
npm http fetch GET 200 https://registry.npmjs.org/@hint%2fparser-typescript-config 283ms (cache updated)
npm http fetch GET 200 https://registry.npmjs.org/@hint%2fparser-webpack-config 301ms (cache updated)
npm http fetch GET 200 https://registry.npmjs.org/@hint%2fparser-typescript 528ms (cache updated)
npm http fetch GET 200 https://registry.npmjs.org/@hint%2futils-debug 408ms (cache updated)
npm http fetch GET 200 https://registry.npmjs.org/@hint%2futils 441ms (cache updated)
npm http fetch GET 200 https://registry.npmjs.org/@hint%2futils-json 355ms (cache updated)
npm http fetch GET 200 https://registry.npmjs.org/@hint%2futils-fs 414ms (cache updated)
npm http fetch GET 200 https://registry.npmjs.org/@hint%2futils-types 382ms (cache updated)
npm http fetch GET 200 https://registry.npmjs.org/browserslist 281ms (cache updated)
npm http fetch GET 200 https://registry.npmjs.org/@hint%2futils-string 457ms (cache updated)
npm http fetch GET 200 https://registry.npmjs.org/chalk 316ms (cache updated)
npm http fetch GET 200 https://registry.npmjs.org/@hint%2futils-network 573ms (cache updated)
npm http fetch GET 200 https://registry.npmjs.org/eventemitter2 245ms (cache updated)
npm http fetch GET 200 https://registry.npmjs.org/globby 266ms (cache updated)
npm http fetch GET 200 https://registry.npmjs.org/optionator 195ms (cache updated)
npm http fetch GET 200 https://registry.npmjs.org/lodash 252ms (cache updated)
npm http fetch GET 200 https://registry.npmjs.org/os-locale 191ms (cache updated)
npm http fetch GET 200 https://registry.npmjs.org/ora 294ms (cache updated)
npm http fetch GET 200 https://registry.npmjs.org/setimmediate 253ms (cache updated)
npm http fetch GET 200 https://registry.npmjs.org/update-notifier 247ms (cache updated)
npm http fetch GET 200 https://registry.npmjs.org/@hint%2fconfiguration-web-recommended 253ms (cache updated)
npm http fetch GET 200 https://registry.npmjs.org/update-notifier 190ms (cache updated)
npm http fetch GET 200 https://registry.npmjs.org/@hint%2fconfiguration-web-recommended 250ms (cache updated)
npm http fetch GET 200 https://registry.npmjs.org/is-ci 1125ms (cache updated)
npm http fetch GET 200 https://registry.npmjs.org/is-ci 1686ms (cache updated)
npm http cache https://registry.npmjs.org/hint 256ms (cache hit)
npm http fetch GET 200 https://registry.npmjs.org/@hint%2fhint-axe 534ms (cache updated)
npm http fetch GET 200 https://registry.npmjs.org/@hint%2fhint-apple-touch-icons 544ms (cache updated)
npm http fetch GET 200 https://registry.npmjs.org/@hint%2fconnector-puppeteer 583ms (cache updated)
npm http fetch GET 200 https://registry.npmjs.org/@hint%2fconnector-puppeteer 642ms (cache updated)
npm http fetch GET 200 https://registry.npmjs.org/@hint%2fconnector-jsdom 656ms (cache updated)
npm http fetch GET 200 https://registry.npmjs.org/@hint%2fhint-manifest-file-extension 384ms (cache updated)
npm http fetch GET 200 https://registry.npmjs.org/@hint%2fhint-manifest-app-name 458ms (cache updated)
npm http fetch GET 200 https://registry.npmjs.org/@hint%2fparser-manifest 345ms (cache updated)
npm http fetch GET 200 https://registry.npmjs.org/@hint%2fhint-manifest-exists 472ms (cache updated)
npm http fetch GET 200 https://registry.npmjs.org/@hint%2fhint-manifest-is-valid 450ms (cache updated)
npm http fetch GET 200 https://registry.npmjs.org/chokidar 370ms (cache updated)
npm http fetch GET 200 https://registry.npmjs.org/jsdom 359ms (cache updated)
npm http fetch GET 200 https://registry.npmjs.org/@hint%2futils-i18n 553ms (cache updated)
npm http fetch GET 200 https://registry.npmjs.org/@hint%2futils-i18n 474ms (cache updated)
npm http fetch GET 200 https://registry.npmjs.org/@hint%2futils-dom 600ms (cache updated)
npm http fetch GET 200 https://registry.npmjs.org/strip-ansi 236ms (cache updated)
npm http fetch GET 200 https://registry.npmjs.org/fs-extra 356ms (cache updated)
npm http fetch GET 200 https://registry.npmjs.org/text-table 265ms (cache updated)
npm http fetch GET 200 https://registry.npmjs.org/ejs 440ms (cache updated)
npm http fetch GET 200 https://registry.npmjs.org/@hint%2futils-compat-data 372ms (cache updated)
npm http fetch GET 200 https://registry.npmjs.org/postcss 300ms (cache updated)
npm http fetch GET 200 https://registry.npmjs.org/postcss-safe-parser 335ms (cache updated)
npm http fetch GET 200 https://registry.npmjs.org/@types%2festree-jsx 346ms (cache updated)
npm http fetch GET 200 https://registry.npmjs.org/acorn 315ms (cache updated)
npm http fetch GET 200 https://registry.npmjs.org/@hint%2futils-css 510ms (cache updated)
npm http cache https://registry.npmjs.org/@hint%2futils-css 73ms (cache hit)
npm http fetch GET 200 https://registry.npmjs.org/acorn-jsx-walk 243ms (cache updated)
npm http fetch GET 200 https://registry.npmjs.org/acorn-jsx 297ms (cache updated)
npm http fetch GET 200 https://registry.npmjs.org/metaviewport-parser 200ms (cache updated)
npm http fetch GET 200 https://registry.npmjs.org/acorn-walk 323ms (cache updated)
npm http fetch GET 200 https://registry.npmjs.org/postcss-less 179ms (cache updated)
npm http fetch GET 200 https://registry.npmjs.org/parse5-htmlparser2-tree-adapter 195ms (cache updated)
npm http fetch GET 200 https://registry.npmjs.org/parse5 235ms (cache updated)
npm http fetch GET 200 https://registry.npmjs.org/postcss-sass 237ms (cache updated)
npm http fetch GET 200 https://registry.npmjs.org/postcss-scss 258ms (cache updated)
npm http fetch GET 200 https://registry.npmjs.org/@typescript-eslint%2ftypescript-estree 1629ms (cache updated)
npm http fetch GET 200 https://registry.npmjs.org/puppeteer-core 320ms (cache updated)
npm http fetch GET 200 https://registry.npmjs.org/@hint%2futils-connector-tools 407ms (cache updated)
npm http fetch GET 200 https://registry.npmjs.org/lockfile 463ms (cache updated)
npm http fetch GET 200 https://registry.npmjs.org/axe-core 858ms (cache updated)
npm http fetch GET 200 https://registry.npmjs.org/punycode 242ms (cache updated)
npm http fetch GET 200 https://registry.npmjs.org/bcp47 267ms (cache updated)
npm http fetch GET 200 https://registry.npmjs.org/mutationobserver-shim 301ms (cache updated)
npm http fetch GET 200 https://registry.npmjs.org/canvas 306ms (cache updated)
npm http fetch GET 200 https://registry.npmjs.org/image-size 355ms (cache updated)
npm http fetch GET 200 https://registry.npmjs.org/color-string 214ms (cache updated)
npm http fetch GET 200 https://registry.npmjs.org/is-wsl 220ms (cache updated)
npm http fetch GET 200 https://registry.npmjs.org/file-type 269ms (cache updated)
npm http fetch GET 200 https://registry.npmjs.org/content-type 314ms (cache updated)
npm http fetch GET 200 https://registry.npmjs.org/is-svg 322ms (cache updated)
npm http fetch GET 200 https://registry.npmjs.org/configstore 344ms (cache updated)
npm http fetch GET 200 https://registry.npmjs.org/npm-registry-fetch 258ms (cache updated)
npm http fetch GET 200 https://registry.npmjs.org/data-urls 230ms (cache updated)
npm http fetch GET 200 https://registry.npmjs.org/iconv-lite 228ms (cache updated)
npm http fetch GET 200 https://registry.npmjs.org/https 214ms (cache updated)
npm http fetch GET 200 https://registry.npmjs.org/semver 281ms (cache updated)
npm http fetch GET 200 https://registry.npmjs.org/node-fetch 321ms (cache updated)
npm http fetch GET 200 https://registry.npmjs.org/debug 309ms (cache updated)
npm http fetch GET 200 https://registry.npmjs.org/@types%2fparse5 336ms (cache updated)
npm http fetch GET 200 https://registry.npmjs.org/css-select 349ms (cache updated)
npm http fetch GET 200 https://registry.npmjs.org/jsonc-parser 349ms (cache updated)
npm http fetch GET 200 https://registry.npmjs.org/simple-get 303ms (cache updated)
npm http fetch GET 200 https://registry.npmjs.org/nan 339ms (cache updated)
npm http fetch GET 200 https://registry.npmjs.org/abab 265ms (cache updated)
npm http fetch GET 200 https://registry.npmjs.org/@mapbox%2fnode-pre-gyp 302ms (cache updated)
npm http fetch GET 200 https://registry.npmjs.org/ws 314ms (cache updated)
npm http cache https://registry.npmjs.org/parse5 60ms (cache hit)
npm http cache https://registry.npmjs.org/data-urls 32ms (cache hit)
npm http fetch GET 200 https://registry.npmjs.org/cssstyle 208ms (cache updated)
npm http fetch GET 200 https://registry.npmjs.org/saxes 256ms (cache updated)
npm http fetch GET 200 https://registry.npmjs.org/nwsapi 255ms (cache updated)
npm http fetch GET 200 https://registry.npmjs.org/escodegen 205ms (cache updated)
npm http fetch GET 200 https://registry.npmjs.org/form-data 210ms (cache updated)
npm http fetch GET 200 https://registry.npmjs.org/rrweb-cssom 223ms (cache updated)
npm http fetch GET 200 https://registry.npmjs.org/whatwg-url 243ms (cache updated)
npm http fetch GET 200 https://registry.npmjs.org/decimal.js 263ms (cache updated)
npm http fetch GET 200 https://registry.npmjs.org/symbol-tree 231ms (cache updated)
npm http fetch GET 200 https://registry.npmjs.org/domexception 210ms (cache updated)
npm http fetch GET 200 https://registry.npmjs.org/acorn-globals 215ms (cache updated)
npm http fetch GET 200 https://registry.npmjs.org/whatwg-encoding 236ms (cache updated)
npm http fetch GET 200 https://registry.npmjs.org/tough-cookie 268ms (cache updated)
npm http fetch GET 200 https://registry.npmjs.org/http-proxy-agent 268ms (cache updated)
npm http fetch GET 200 https://registry.npmjs.org/whatwg-mimetype 290ms (cache updated)
npm http fetch GET 200 https://registry.npmjs.org/https-proxy-agent 288ms (cache updated)
npm http fetch GET 200 https://registry.npmjs.org/webidl-conversions 253ms (cache updated)
npm http fetch GET 200 https://registry.npmjs.org/w3c-xmlserializer 277ms (cache updated)
npm http fetch GET 200 https://registry.npmjs.org/xml-name-validator 238ms (cache updated)
npm http fetch GET 200 https://registry.npmjs.org/html-encoding-sniffer 231ms (cache updated)
npm http fetch GET 200 https://registry.npmjs.org/is-potential-custom-element-name 184ms (cache updated)
npm http fetch GET 200 https://registry.npmjs.org/anymatch 227ms (cache updated)
npm http fetch GET 200 https://registry.npmjs.org/is-glob 234ms (cache updated)
npm http fetch GET 200 https://registry.npmjs.org/braces 241ms (cache updated)
npm http fetch GET 200 https://registry.npmjs.org/readdirp 243ms (cache updated)
npm http fetch GET 200 https://registry.npmjs.org/glob-parent 248ms (cache updated)
npm http fetch GET 200 https://registry.npmjs.org/fsevents 223ms (cache updated)
npm http fetch GET 200 https://registry.npmjs.org/ignore 218ms (cache updated)
npm http fetch GET 200 https://registry.npmjs.org/is-binary-path 276ms (cache updated)
npm http fetch GET 200 https://registry.npmjs.org/slash 263ms (cache updated)
npm http fetch GET 200 https://registry.npmjs.org/normalize-path 296ms (cache updated)
npm http fetch GET 200 https://registry.npmjs.org/merge2 231ms (cache updated)
npm http fetch GET 200 https://registry.npmjs.org/dir-glob 225ms (cache updated)
npm http fetch GET 200 https://registry.npmjs.org/array-union 213ms (cache updated)
npm http fetch GET 200 https://registry.npmjs.org/fast-glob 225ms (cache updated)
npm http cache https://registry.npmjs.org/ws 72ms (cache hit)
npm http fetch GET 200 https://registry.npmjs.org/signal-exit 255ms (cache updated)
npm http fetch GET 200 https://registry.npmjs.org/rimraf 261ms (cache updated)
npm http fetch GET 200 https://registry.npmjs.org/tar-fs 295ms (cache updated)
npm http fetch GET 200 https://registry.npmjs.org/ci-info 322ms (cache updated)
npm http fetch GET 200 https://registry.npmjs.org/pkg-dir 236ms (cache updated)
npm http fetch GET 200 https://registry.npmjs.org/progress 271ms (cache updated)
npm http fetch GET 200 https://registry.npmjs.org/cross-fetch 263ms (cache updated)
npm http fetch GET 200 https://registry.npmjs.org/extract-zip 262ms (cache updated)
npm http fetch GET 200 https://registry.npmjs.org/unbzip2-stream 258ms (cache updated)
npm http fetch GET 200 https://registry.npmjs.org/proxy-from-env 278ms (cache updated)
npm http cache https://registry.npmjs.org/https-proxy-agent 78ms (cache hit)
npm http fetch GET 200 https://registry.npmjs.org/devtools-protocol 606ms (cache updated)
npm http fetch GET 200 https://registry.npmjs.org/graceful-fs 198ms (cache updated)
npm http fetch GET 200 https://registry.npmjs.org/universalify 202ms (cache updated)
npm http fetch GET 200 https://registry.npmjs.org/jsonfile 208ms (cache updated)
npm http fetch GET 200 https://registry.npmjs.org/jake 217ms (cache updated)
npm http fetch GET 200 https://registry.npmjs.org/supports-color 191ms (cache updated)
npm http fetch GET 200 https://registry.npmjs.org/ansi-regex 202ms (cache updated)
npm http fetch GET 200 https://registry.npmjs.org/ansi-styles 212ms (cache updated)
npm http fetch GET 200 https://registry.npmjs.org/queue 184ms (cache updated)
npm http fetch GET 200 https://registry.npmjs.org/mdn-data 196ms (cache updated)
npm http fetch GET 200 https://registry.npmjs.org/postcss-selector-parser 207ms (cache updated)
npm http fetch GET 200 https://registry.npmjs.org/postcss-value-parser 242ms (cache updated)
npm http fetch GET 200 https://registry.npmjs.org/@mdn%2fbrowser-compat-data 305ms (cache updated)
npm http fetch GET 200 https://registry.npmjs.org/picocolors 237ms (cache updated)
npm http fetch GET 200 https://registry.npmjs.org/source-map-js 242ms (cache updated)
npm http fetch GET 200 https://registry.npmjs.org/nanoid 251ms (cache updated)
npm http fetch GET 200 https://registry.npmjs.org/color-name 171ms (cache updated)
npm http fetch GET 200 https://registry.npmjs.org/simple-swizzle 179ms (cache updated)
npm http fetch GET 200 https://registry.npmjs.org/ajv-formats 191ms (cache updated)
npm http fetch GET 200 https://registry.npmjs.org/ajv 241ms (cache updated)
npm http fetch GET 200 https://registry.npmjs.org/@types%2festree 168ms (cache updated)
npm http fetch GET 200 https://registry.npmjs.org/gonzales-pe 241ms (cache updated)
npm http cache https://registry.npmjs.org/is-glob 71ms (cache hit)
npm http cache https://registry.npmjs.org/debug 81ms (cache hit)
npm http cache https://registry.npmjs.org/semver 113ms (cache hit)
npm http fetch GET 200 https://registry.npmjs.org/tsutils 248ms (cache updated)
npm http fetch GET 200 https://registry.npmjs.org/@typescript-eslint%2fvisitor-keys 2364ms (cache updated)
npm http fetch GET 200 https://registry.npmjs.org/@typescript-eslint%2ftypes 2548ms (cache updated)
npm http cache https://registry.npmjs.org/graceful-fs 72ms (cache hit)
npm http fetch GET 200 https://registry.npmjs.org/unique-string 174ms (cache updated)
npm http fetch GET 200 https://registry.npmjs.org/dot-prop 193ms (cache updated)
npm http fetch GET 200 https://registry.npmjs.org/xdg-basedir 195ms (cache updated)
npm http fetch GET 200 https://registry.npmjs.org/make-dir 201ms (cache updated)
npm http fetch GET 200 https://registry.npmjs.org/write-file-atomic 321ms (cache updated)
npm http fetch GET 200 https://registry.npmjs.org/readable-web-to-node-stream 225ms (cache updated)
npm http fetch GET 200 https://registry.npmjs.org/token-types 247ms (cache updated)
npm http fetch GET 200 https://registry.npmjs.org/strtok3 290ms (cache updated)
npm http fetch GET 200 https://registry.npmjs.org/fast-xml-parser 282ms (cache updated)
npm http fetch GET 200 https://registry.npmjs.org/is-docker 261ms (cache updated)
npm http fetch GET 200 https://registry.npmjs.org/proc-log 202ms (cache updated)
npm http fetch GET 200 https://registry.npmjs.org/minizlib 248ms (cache updated)
npm http fetch GET 200 https://registry.npmjs.org/minipass-fetch 210ms (cache updated)
npm http fetch GET 200 https://registry.npmjs.org/minipass 326ms (cache updated)
npm http fetch GET 200 https://registry.npmjs.org/npm-package-arg 225ms (cache updated)
npm http fetch GET 200 https://registry.npmjs.org/make-fetch-happen 220ms (cache updated)
npm http fetch GET 200 https://registry.npmjs.org/minipass-json-stream 222ms (cache updated)
npm http fetch GET 200 https://registry.npmjs.org/util-deprecate 161ms (cache updated)
npm http fetch GET 200 https://registry.npmjs.org/cssesc 177ms (cache updated)
npm http fetch GET 200 https://registry.npmjs.org/encoding 190ms (cache updated)
npm http cache https://registry.npmjs.org/whatwg-url 39ms (cache hit)
npm http cache https://registry.npmjs.org/whatwg-url 49ms (cache hit)
npm http fetch GET 200 https://registry.npmjs.org/safer-buffer 188ms (cache updated)
npm http fetch GET 200 https://registry.npmjs.org/ms 206ms (cache updated)
npm http fetch GET 200 https://registry.npmjs.org/boolbase 219ms (cache updated)
npm http fetch GET 200 https://registry.npmjs.org/nth-check 234ms (cache updated)
npm http fetch GET 200 https://registry.npmjs.org/css-what 243ms (cache updated)
npm http fetch GET 200 https://registry.npmjs.org/domutils 253ms (cache updated)
npm http fetch GET 200 https://registry.npmjs.org/domhandler 308ms (cache updated)
npm http fetch GET 200 https://registry.npmjs.org/fast-deep-equal 271ms (cache updated)
npm http fetch GET 200 https://registry.npmjs.org/json-schema-traverse 274ms (cache updated)
npm http fetch GET 200 https://registry.npmjs.org/fast-uri 284ms (cache updated)
npm http fetch GET 200 https://registry.npmjs.org/require-from-string 322ms (cache updated)
