2025-04-13 09:16:50.215 [info] Reading sessions from keychain...
2025-04-13 09:16:50.215 [info] Getting sessions for all scopes...
2025-04-13 09:16:50.215 [info] Getting sessions for all scopes...
2025-04-13 09:16:50.215 [info] Getting sessions for all scopes...
2025-04-13 09:16:50.216 [info] Got 0 sessions for ...
2025-04-13 09:16:50.216 [info] Got 0 sessions for ...
2025-04-13 09:16:50.216 [info] Got 0 sessions for ...
2025-04-13 09:16:50.216 [info] Getting sessions for all scopes...
2025-04-13 09:16:50.216 [info] Got 0 sessions for ...
2025-04-13 09:16:50.216 [info] Getting sessions for all scopes...
2025-04-13 09:16:50.216 [info] Got 0 sessions for ...
2025-04-13 09:16:50.216 [info] Getting sessions for all scopes...
2025-04-13 09:16:50.216 [info] Got 0 sessions for ...
2025-04-13 09:16:50.216 [info] Getting sessions for all scopes...
2025-04-13 09:16:50.216 [info] Got 0 sessions for ...
2025-04-13 09:16:50.216 [info] Getting sessions for all scopes...
2025-04-13 09:16:50.216 [info] Got 0 sessions for ...
2025-04-13 09:16:50.216 [info] Getting sessions for all scopes...
2025-04-13 09:16:50.216 [info] Got 0 sessions for ...
2025-04-13 09:16:50.216 [info] Getting sessions for all scopes...
2025-04-13 09:16:50.216 [info] Got 0 sessions for ...
2025-04-13 09:16:50.216 [info] Getting sessions for all scopes...
2025-04-13 09:16:50.216 [info] Got 0 sessions for ...
2025-04-13 09:17:08.995 [info] Reading sessions from keychain...
2025-04-13 09:17:08.996 [info] Getting sessions for all scopes...
2025-04-13 09:17:08.996 [info] Getting sessions for all scopes...
2025-04-13 09:17:08.996 [info] Getting sessions for all scopes...
2025-04-13 09:17:08.996 [info] Getting sessions for all scopes...
2025-04-13 09:17:08.996 [info] Getting sessions for all scopes...
2025-04-13 09:17:08.996 [info] Getting sessions for all scopes...
2025-04-13 09:17:08.996 [info] Getting sessions for all scopes...
2025-04-13 09:17:08.996 [info] Getting sessions for all scopes...
2025-04-13 09:17:08.996 [info] Got 0 sessions for ...
2025-04-13 09:17:08.996 [info] Got 0 sessions for ...
2025-04-13 09:17:08.996 [info] Got 0 sessions for ...
2025-04-13 09:17:08.996 [info] Got 0 sessions for ...
2025-04-13 09:17:08.996 [info] Got 0 sessions for ...
2025-04-13 09:17:08.996 [info] Got 0 sessions for ...
2025-04-13 09:17:08.996 [info] Got 0 sessions for ...
2025-04-13 09:17:08.996 [info] Got 0 sessions for ...
2025-04-13 09:17:12.784 [info] Getting sessions for all scopes...
2025-04-13 09:17:12.784 [info] Got 0 sessions for ...
2025-04-13 09:17:14.003 [info] Getting sessions for all scopes...
2025-04-13 09:17:14.004 [info] Got 0 sessions for ...
2025-04-13 09:17:16.062 [info] Getting sessions for all scopes...
2025-04-13 09:17:16.062 [info] Got 0 sessions for ...
2025-04-13 09:17:38.525 [info] Getting sessions for read:user,repo,user:email,workflow...
2025-04-13 09:17:38.529 [info] Got 0 sessions for read:user,repo,user:email,workflow...
2025-04-13 09:17:38.987 [info] Getting sessions for all scopes...
2025-04-13 09:17:38.987 [info] Got 0 sessions for ...
2025-04-13 09:17:38.987 [info] Getting sessions for all scopes...
2025-04-13 09:17:38.987 [info] Got 0 sessions for ...
2025-04-13 09:17:39.882 [info] Getting sessions for read:user...
2025-04-13 09:17:39.882 [info] Got 0 sessions for read:user...
2025-04-13 09:17:39.892 [info] Getting sessions for user:email...
2025-04-13 09:17:39.892 [info] Got 0 sessions for user:email...
2025-04-13 09:17:39.893 [info] Getting sessions for read:user,repo,user:email,workflow...
2025-04-13 09:17:39.894 [info] Got 0 sessions for read:user,repo,user:email,workflow...
2025-04-13 09:17:39.979 [info] Getting sessions for user:email...
2025-04-13 09:17:39.979 [info] Got 0 sessions for user:email...
2025-04-13 09:17:39.991 [info] Getting sessions for all scopes...
2025-04-13 09:17:39.992 [info] Got 0 sessions for ...
2025-04-13 09:17:40.293 [info] Getting sessions for user:email...
2025-04-13 09:17:40.293 [info] Got 0 sessions for user:email...
2025-04-13 09:17:53.855 [info] Getting sessions for all scopes...
2025-04-13 09:17:53.856 [info] Got 0 sessions for ...
2025-04-13 09:17:53.933 [info] Getting sessions for read:user,repo,user:email,workflow...
2025-04-13 09:17:53.933 [info] Got 0 sessions for read:user,repo,user:email,workflow...
2025-04-13 09:17:54.028 [info] Getting sessions for user:email...
2025-04-13 09:17:54.029 [info] Got 0 sessions for user:email...
2025-04-13 09:17:54.063 [info] Getting sessions for read:user...
2025-04-13 09:17:54.063 [info] Got 0 sessions for read:user...
2025-04-13 09:17:56.070 [info] Getting sessions for user:email...
2025-04-13 09:17:56.070 [info] Got 0 sessions for user:email...
2025-04-13 09:17:56.072 [info] Getting sessions for all scopes...
2025-04-13 09:17:56.072 [info] Got 0 sessions for ...
2025-04-13 09:17:56.177 [info] Getting sessions for user:email...
2025-04-13 09:17:56.178 [info] Got 0 sessions for user:email...
2025-04-13 09:17:56.228 [info] Getting sessions for all scopes...
2025-04-13 09:17:56.228 [info] Got 0 sessions for ...
2025-04-13 09:17:56.243 [info] Getting sessions for user:email...
2025-04-13 09:17:56.243 [info] Got 0 sessions for user:email...
2025-04-13 09:17:56.615 [info] Getting sessions for read:user,repo,user:email,workflow...
2025-04-13 09:17:56.615 [info] Got 0 sessions for read:user,repo,user:email,workflow...
2025-04-13 09:17:56.631 [info] Getting sessions for read:user...
2025-04-13 09:17:56.631 [info] Got 0 sessions for read:user...
2025-04-13 09:17:56.661 [info] Getting sessions for user:email...
2025-04-13 09:17:56.661 [info] Got 0 sessions for user:email...
2025-04-13 09:17:56.810 [info] Getting sessions for read:user,repo,user:email,workflow...
2025-04-13 09:17:56.811 [info] Got 0 sessions for read:user,repo,user:email,workflow...
2025-04-13 09:17:56.826 [info] Getting sessions for read:user...
2025-04-13 09:17:56.826 [info] Got 0 sessions for read:user...
2025-04-13 09:17:56.915 [info] Getting sessions for user:email...
2025-04-13 09:17:56.915 [info] Got 0 sessions for user:email...
2025-04-13 09:17:57.015 [info] Getting sessions for read:user,repo,user:email,workflow...
2025-04-13 09:17:57.016 [info] Got 0 sessions for read:user,repo,user:email,workflow...
2025-04-13 09:17:57.042 [info] Getting sessions for read:user...
2025-04-13 09:17:57.042 [info] Got 0 sessions for read:user...
2025-04-13 09:17:57.056 [info] Getting sessions for user:email...
2025-04-13 09:17:57.056 [info] Got 0 sessions for user:email...
2025-04-13 09:17:57.712 [info] Getting sessions for read:user,repo,user:email,workflow...
2025-04-13 09:17:57.712 [info] Got 0 sessions for read:user,repo,user:email,workflow...
2025-04-13 09:17:57.925 [info] Getting sessions for read:user...
2025-04-13 09:17:57.925 [info] Got 0 sessions for read:user...
2025-04-13 09:17:58.093 [info] Getting sessions for user:email...
2025-04-13 09:17:58.094 [info] Got 0 sessions for user:email...
2025-04-13 09:17:58.798 [info] Getting sessions for read:user,repo,user:email,workflow...
2025-04-13 09:17:58.798 [info] Got 0 sessions for read:user,repo,user:email,workflow...
2025-04-13 09:17:58.831 [info] Getting sessions for read:user...
2025-04-13 09:17:58.831 [info] Got 0 sessions for read:user...
2025-04-13 09:17:58.901 [info] Getting sessions for user:email...
2025-04-13 09:17:58.902 [info] Got 0 sessions for user:email...
2025-04-13 09:17:59.693 [info] Getting sessions for read:user,repo,user:email,workflow...
2025-04-13 09:17:59.694 [info] Got 0 sessions for read:user,repo,user:email,workflow...
2025-04-13 09:17:59.703 [info] Getting sessions for read:user...
2025-04-13 09:17:59.703 [info] Got 0 sessions for read:user...
2025-04-13 09:17:59.711 [info] Getting sessions for user:email...
2025-04-13 09:17:59.712 [info] Got 0 sessions for user:email...
2025-04-13 09:17:59.839 [info] Getting sessions for read:user,repo,user:email,workflow...
2025-04-13 09:17:59.839 [info] Got 0 sessions for read:user,repo,user:email,workflow...
2025-04-13 09:17:59.848 [info] Getting sessions for read:user...
2025-04-13 09:17:59.848 [info] Got 0 sessions for read:user...
2025-04-13 09:17:59.866 [info] Getting sessions for user:email...
2025-04-13 09:17:59.866 [info] Got 0 sessions for user:email...
2025-04-13 09:18:06.438 [info] Getting sessions for read:user,repo,user:email,workflow...
2025-04-13 09:18:06.438 [info] Got 0 sessions for read:user,repo,user:email,workflow...
2025-04-13 09:18:06.466 [info] Getting sessions for read:user...
2025-04-13 09:18:06.467 [info] Got 0 sessions for read:user...
2025-04-13 09:18:06.477 [info] Getting sessions for user:email...
2025-04-13 09:18:06.478 [info] Got 0 sessions for user:email...
2025-04-13 09:18:14.382 [info] Getting sessions for read:user,repo,user:email,workflow...
2025-04-13 09:18:14.383 [info] Got 0 sessions for read:user,repo,user:email,workflow...
2025-04-13 09:18:14.457 [info] Getting sessions for read:user...
2025-04-13 09:18:14.457 [info] Got 0 sessions for read:user...
2025-04-13 09:18:14.474 [info] Getting sessions for user:email...
2025-04-13 09:18:14.474 [info] Got 0 sessions for user:email...
2025-04-13 09:18:14.793 [info] Getting sessions for read:user,repo,user:email,workflow...
2025-04-13 09:18:14.794 [info] Got 0 sessions for read:user,repo,user:email,workflow...
2025-04-13 09:18:14.896 [info] Getting sessions for read:user...
2025-04-13 09:18:14.896 [info] Got 0 sessions for read:user...
2025-04-13 09:18:14.913 [info] Getting sessions for user:email...
2025-04-13 09:18:14.913 [info] Got 0 sessions for user:email...
2025-04-13 09:18:15.062 [info] Getting sessions for read:user,repo,user:email,workflow...
2025-04-13 09:18:15.062 [info] Got 0 sessions for read:user,repo,user:email,workflow...
2025-04-13 09:18:15.081 [info] Getting sessions for read:user...
2025-04-13 09:18:15.081 [info] Got 0 sessions for read:user...
2025-04-13 09:18:15.129 [info] Getting sessions for user:email...
2025-04-13 09:18:15.129 [info] Got 0 sessions for user:email...
2025-04-13 09:18:15.284 [info] Getting sessions for read:user,repo,user:email,workflow...
2025-04-13 09:18:15.284 [info] Got 0 sessions for read:user,repo,user:email,workflow...
2025-04-13 09:18:15.306 [info] Getting sessions for read:user...
2025-04-13 09:18:15.307 [info] Got 0 sessions for read:user...
2025-04-13 09:18:15.316 [info] Getting sessions for user:email...
2025-04-13 09:18:15.317 [info] Got 0 sessions for user:email...
2025-04-13 09:18:17.062 [info] Getting sessions for read:user,repo,user:email,workflow...
2025-04-13 09:18:17.062 [info] Got 0 sessions for read:user,repo,user:email,workflow...
2025-04-13 09:18:17.071 [info] Getting sessions for read:user...
2025-04-13 09:18:17.071 [info] Got 0 sessions for read:user...
2025-04-13 09:18:17.081 [info] Getting sessions for user:email...
2025-04-13 09:18:17.081 [info] Got 0 sessions for user:email...
2025-04-13 09:18:17.966 [info] Getting sessions for read:user,repo,user:email,workflow...
2025-04-13 09:18:17.966 [info] Got 0 sessions for read:user,repo,user:email,workflow...
2025-04-13 09:18:18.027 [info] Getting sessions for read:user...
2025-04-13 09:18:18.027 [info] Got 0 sessions for read:user...
2025-04-13 09:18:18.066 [info] Getting sessions for user:email...
2025-04-13 09:18:18.067 [info] Got 0 sessions for user:email...
2025-04-13 09:18:26.537 [info] Getting sessions for read:user,repo,user:email,workflow...
2025-04-13 09:18:26.537 [info] Got 0 sessions for read:user,repo,user:email,workflow...
2025-04-13 09:18:26.546 [info] Getting sessions for read:user...
2025-04-13 09:18:26.546 [info] Got 0 sessions for read:user...
2025-04-13 09:18:26.556 [info] Getting sessions for user:email...
2025-04-13 09:18:26.556 [info] Got 0 sessions for user:email...
2025-04-13 09:18:27.324 [info] Getting sessions for read:user,repo,user:email,workflow...
2025-04-13 09:18:27.324 [info] Got 0 sessions for read:user,repo,user:email,workflow...
2025-04-13 09:18:27.350 [info] Getting sessions for read:user...
2025-04-13 09:18:27.350 [info] Got 0 sessions for read:user...
2025-04-13 09:18:27.396 [info] Getting sessions for user:email...
2025-04-13 09:18:27.396 [info] Got 0 sessions for user:email...
2025-04-13 09:18:27.455 [info] Getting sessions for read:user,repo,user:email,workflow...
2025-04-13 09:18:27.455 [info] Got 0 sessions for read:user,repo,user:email,workflow...
2025-04-13 09:18:27.465 [info] Getting sessions for read:user...
2025-04-13 09:18:27.465 [info] Got 0 sessions for read:user...
2025-04-13 09:18:27.479 [info] Getting sessions for user:email...
2025-04-13 09:18:27.479 [info] Got 0 sessions for user:email...
2025-04-13 09:18:27.603 [info] Getting sessions for read:user,repo,user:email,workflow...
2025-04-13 09:18:27.604 [info] Got 0 sessions for read:user,repo,user:email,workflow...
2025-04-13 09:18:27.613 [info] Getting sessions for read:user...
2025-04-13 09:18:27.613 [info] Got 0 sessions for read:user...
2025-04-13 09:18:27.624 [info] Getting sessions for user:email...
2025-04-13 09:18:27.624 [info] Got 0 sessions for user:email...
2025-04-13 09:18:27.825 [info] Getting sessions for read:user,repo,user:email,workflow...
2025-04-13 09:18:27.826 [info] Got 0 sessions for read:user,repo,user:email,workflow...
2025-04-13 09:18:27.843 [info] Getting sessions for read:user...
2025-04-13 09:18:27.844 [info] Got 0 sessions for read:user...
2025-04-13 09:18:27.853 [info] Getting sessions for user:email...
2025-04-13 09:18:27.853 [info] Got 0 sessions for user:email...
2025-04-13 09:18:28.756 [info] Getting sessions for read:user,repo,user:email,workflow...
2025-04-13 09:18:28.756 [info] Got 0 sessions for read:user,repo,user:email,workflow...
2025-04-13 09:18:28.928 [info] Getting sessions for read:user...
2025-04-13 09:18:28.928 [info] Got 0 sessions for read:user...
2025-04-13 09:18:28.982 [info] Getting sessions for user:email...
2025-04-13 09:18:28.984 [info] Got 0 sessions for user:email...
2025-04-13 09:18:29.568 [info] Getting sessions for read:user,repo,user:email,workflow...
2025-04-13 09:18:29.569 [info] Got 0 sessions for read:user,repo,user:email,workflow...
2025-04-13 09:18:29.578 [info] Getting sessions for read:user...
2025-04-13 09:18:29.578 [info] Got 0 sessions for read:user...
2025-04-13 09:18:29.587 [info] Getting sessions for user:email...
2025-04-13 09:18:29.587 [info] Got 0 sessions for user:email...
2025-04-13 09:18:29.698 [info] Getting sessions for read:user,repo,user:email,workflow...
2025-04-13 09:18:29.698 [info] Got 0 sessions for read:user,repo,user:email,workflow...
2025-04-13 09:18:29.756 [info] Getting sessions for read:user...
2025-04-13 09:18:29.757 [info] Got 0 sessions for read:user...
2025-04-13 09:18:29.790 [info] Getting sessions for user:email...
2025-04-13 09:18:29.791 [info] Got 0 sessions for user:email...
2025-04-13 09:18:29.961 [info] Getting sessions for read:user,repo,user:email,workflow...
2025-04-13 09:18:29.961 [info] Got 0 sessions for read:user,repo,user:email,workflow...
2025-04-13 09:18:29.974 [info] Getting sessions for read:user...
2025-04-13 09:18:29.974 [info] Got 0 sessions for read:user...
2025-04-13 09:18:30.001 [info] Getting sessions for user:email...
2025-04-13 09:18:30.001 [info] Got 0 sessions for user:email...
2025-04-13 09:18:30.934 [info] Getting sessions for read:user,repo,user:email,workflow...
2025-04-13 09:18:30.934 [info] Got 0 sessions for read:user,repo,user:email,workflow...
2025-04-13 09:18:30.950 [info] Getting sessions for read:user...
2025-04-13 09:18:30.950 [info] Got 0 sessions for read:user...
2025-04-13 09:18:30.972 [info] Getting sessions for user:email...
2025-04-13 09:18:30.972 [info] Got 0 sessions for user:email...
2025-04-13 09:18:31.151 [info] Getting sessions for read:user,repo,user:email,workflow...
2025-04-13 09:18:31.152 [info] Got 0 sessions for read:user,repo,user:email,workflow...
2025-04-13 09:18:31.160 [info] Getting sessions for read:user...
2025-04-13 09:18:31.161 [info] Got 0 sessions for read:user...
2025-04-13 09:18:31.179 [info] Getting sessions for user:email...
2025-04-13 09:18:31.180 [info] Got 0 sessions for user:email...
2025-04-13 09:18:32.071 [info] Getting sessions for read:user,repo,user:email,workflow...
2025-04-13 09:18:32.072 [info] Got 0 sessions for read:user,repo,user:email,workflow...
2025-04-13 09:18:32.079 [info] Getting sessions for read:user...
2025-04-13 09:18:32.079 [info] Got 0 sessions for read:user...
2025-04-13 09:18:32.088 [info] Getting sessions for user:email...
2025-04-13 09:18:32.088 [info] Got 0 sessions for user:email...
2025-04-13 09:18:33.630 [info] Getting sessions for read:user,repo,user:email,workflow...
2025-04-13 09:18:33.630 [info] Got 0 sessions for read:user,repo,user:email,workflow...
2025-04-13 09:18:33.635 [info] Getting sessions for read:user...
2025-04-13 09:18:33.636 [info] Got 0 sessions for read:user...
2025-04-13 09:18:33.643 [info] Getting sessions for user:email...
2025-04-13 09:18:33.646 [info] Got 0 sessions for user:email...
2025-04-13 09:18:33.876 [info] Getting sessions for read:user,repo,user:email,workflow...
2025-04-13 09:18:33.876 [info] Got 0 sessions for read:user,repo,user:email,workflow...
2025-04-13 09:18:33.887 [info] Getting sessions for read:user...
2025-04-13 09:18:33.887 [info] Got 0 sessions for read:user...
2025-04-13 09:18:33.903 [info] Getting sessions for user:email...
2025-04-13 09:18:33.903 [info] Got 0 sessions for user:email...
2025-04-13 09:18:34.537 [info] Getting sessions for read:user,repo,user:email,workflow...
2025-04-13 09:18:34.537 [info] Got 0 sessions for read:user,repo,user:email,workflow...
2025-04-13 09:18:34.547 [info] Getting sessions for read:user...
2025-04-13 09:18:34.547 [info] Got 0 sessions for read:user...
2025-04-13 09:18:34.572 [info] Getting sessions for user:email...
2025-04-13 09:18:34.572 [info] Got 0 sessions for user:email...
2025-04-13 09:18:35.110 [info] Getting sessions for read:user,repo,user:email,workflow...
2025-04-13 09:18:35.110 [info] Got 0 sessions for read:user,repo,user:email,workflow...
2025-04-13 09:18:35.653 [info] Getting sessions for read:user...
2025-04-13 09:18:35.653 [info] Got 0 sessions for read:user...
2025-04-13 09:18:35.679 [info] Getting sessions for user:email...
2025-04-13 09:18:35.680 [info] Got 0 sessions for user:email...
2025-04-13 09:18:36.220 [info] Getting sessions for read:user,repo,user:email,workflow...
2025-04-13 09:18:36.220 [info] Got 0 sessions for read:user,repo,user:email,workflow...
2025-04-13 09:18:36.231 [info] Getting sessions for read:user...
2025-04-13 09:18:36.231 [info] Got 0 sessions for read:user...
2025-04-13 09:18:36.239 [info] Getting sessions for user:email...
2025-04-13 09:18:36.239 [info] Got 0 sessions for user:email...
2025-04-13 09:20:46.036 [info] Getting sessions for read:user,repo,user:email,workflow...
2025-04-13 09:20:46.038 [info] Got 0 sessions for read:user,repo,user:email,workflow...
2025-04-13 09:20:46.047 [info] Getting sessions for read:user...
2025-04-13 09:20:46.047 [info] Got 0 sessions for read:user...
2025-04-13 09:20:46.065 [info] Getting sessions for user:email...
2025-04-13 09:20:46.065 [info] Got 0 sessions for user:email...
2025-04-13 09:20:47.052 [info] Getting sessions for read:user,repo,user:email,workflow...
2025-04-13 09:20:47.052 [info] Got 0 sessions for read:user,repo,user:email,workflow...
2025-04-13 09:20:47.073 [info] Getting sessions for read:user...
2025-04-13 09:20:47.073 [info] Got 0 sessions for read:user...
2025-04-13 09:20:47.080 [info] Getting sessions for user:email...
2025-04-13 09:20:47.081 [info] Got 0 sessions for user:email...
2025-04-13 09:20:47.943 [info] Getting sessions for read:user,repo,user:email,workflow...
2025-04-13 09:20:47.943 [info] Got 0 sessions for read:user,repo,user:email,workflow...
2025-04-13 09:20:47.971 [info] Getting sessions for read:user...
2025-04-13 09:20:47.971 [info] Got 0 sessions for read:user...
2025-04-13 09:20:47.978 [info] Getting sessions for user:email...
2025-04-13 09:20:47.979 [info] Got 0 sessions for user:email...
2025-04-13 09:20:48.142 [info] Getting sessions for read:user,repo,user:email,workflow...
2025-04-13 09:20:48.142 [info] Got 0 sessions for read:user,repo,user:email,workflow...
2025-04-13 09:20:48.151 [info] Getting sessions for read:user...
2025-04-13 09:20:48.151 [info] Got 0 sessions for read:user...
2025-04-13 09:20:48.165 [info] Getting sessions for user:email...
2025-04-13 09:20:48.166 [info] Got 0 sessions for user:email...
2025-04-13 09:20:48.860 [info] Getting sessions for read:user,repo,user:email,workflow...
2025-04-13 09:20:48.861 [info] Got 0 sessions for read:user,repo,user:email,workflow...
2025-04-13 09:20:48.874 [info] Getting sessions for read:user...
2025-04-13 09:20:48.874 [info] Got 0 sessions for read:user...
2025-04-13 09:20:48.916 [info] Getting sessions for user:email...
2025-04-13 09:20:48.916 [info] Got 0 sessions for user:email...
2025-04-13 09:20:49.253 [info] Getting sessions for read:user,repo,user:email,workflow...
2025-04-13 09:20:49.253 [info] Got 0 sessions for read:user,repo,user:email,workflow...
2025-04-13 09:20:49.273 [info] Getting sessions for read:user...
2025-04-13 09:20:49.274 [info] Got 0 sessions for read:user...
2025-04-13 09:20:49.283 [info] Getting sessions for user:email...
2025-04-13 09:20:49.283 [info] Got 0 sessions for user:email...
2025-04-13 09:20:49.865 [info] Getting sessions for read:user,repo,user:email,workflow...
2025-04-13 09:20:49.866 [info] Got 0 sessions for read:user,repo,user:email,workflow...
2025-04-13 09:20:49.889 [info] Getting sessions for read:user...
2025-04-13 09:20:49.889 [info] Got 0 sessions for read:user...
2025-04-13 09:20:49.902 [info] Getting sessions for user:email...
2025-04-13 09:20:49.903 [info] Got 0 sessions for user:email...
2025-04-13 09:20:51.222 [info] Getting sessions for read:user,repo,user:email,workflow...
2025-04-13 09:20:51.222 [info] Got 0 sessions for read:user,repo,user:email,workflow...
2025-04-13 09:20:51.670 [info] Getting sessions for read:user...
2025-04-13 09:20:51.670 [info] Got 0 sessions for read:user...
2025-04-13 09:20:52.231 [info] Getting sessions for user:email...
2025-04-13 09:20:52.232 [info] Got 0 sessions for user:email...
2025-04-13 09:20:54.356 [info] Getting sessions for read:user,repo,user:email,workflow...
2025-04-13 09:20:54.357 [info] Got 0 sessions for read:user,repo,user:email,workflow...
2025-04-13 09:20:54.376 [info] Getting sessions for read:user...
2025-04-13 09:20:54.376 [info] Got 0 sessions for read:user...
2025-04-13 09:20:54.385 [info] Getting sessions for user:email...
2025-04-13 09:20:54.386 [info] Got 0 sessions for user:email...
2025-04-13 09:20:55.139 [info] Getting sessions for read:user,repo,user:email,workflow...
2025-04-13 09:20:55.140 [info] Got 0 sessions for read:user,repo,user:email,workflow...
2025-04-13 09:20:55.150 [info] Getting sessions for read:user...
2025-04-13 09:20:55.150 [info] Got 0 sessions for read:user...
2025-04-13 09:20:55.163 [info] Getting sessions for user:email...
2025-04-13 09:20:55.163 [info] Got 0 sessions for user:email...
2025-04-13 09:20:56.377 [info] Getting sessions for read:user,repo,user:email,workflow...
2025-04-13 09:20:56.377 [info] Got 0 sessions for read:user,repo,user:email,workflow...
2025-04-13 09:20:56.398 [info] Getting sessions for read:user...
2025-04-13 09:20:56.398 [info] Got 0 sessions for read:user...
2025-04-13 09:20:56.406 [info] Getting sessions for user:email...
2025-04-13 09:20:56.406 [info] Got 0 sessions for user:email...
2025-04-13 09:21:06.917 [info] Getting sessions for read:user,repo,user:email,workflow...
2025-04-13 09:21:06.918 [info] Got 0 sessions for read:user,repo,user:email,workflow...
2025-04-13 09:21:06.926 [info] Getting sessions for read:user...
2025-04-13 09:21:06.926 [info] Got 0 sessions for read:user...
2025-04-13 09:21:06.936 [info] Getting sessions for user:email...
2025-04-13 09:21:06.936 [info] Got 0 sessions for user:email...
2025-04-13 09:21:10.253 [info] Getting sessions for read:user,repo,user:email,workflow...
2025-04-13 09:21:10.253 [info] Got 0 sessions for read:user,repo,user:email,workflow...
2025-04-13 09:21:10.273 [info] Getting sessions for read:user...
2025-04-13 09:21:10.273 [info] Got 0 sessions for read:user...
2025-04-13 09:21:10.285 [info] Getting sessions for user:email...
2025-04-13 09:21:10.286 [info] Got 0 sessions for user:email...
2025-04-13 09:21:11.341 [info] Getting sessions for read:user,repo,user:email,workflow...
2025-04-13 09:21:11.342 [info] Got 0 sessions for read:user,repo,user:email,workflow...
2025-04-13 09:21:11.375 [info] Getting sessions for read:user...
2025-04-13 09:21:11.376 [info] Got 0 sessions for read:user...
2025-04-13 09:21:11.394 [info] Getting sessions for user:email...
2025-04-13 09:21:11.394 [info] Got 0 sessions for user:email...
2025-04-13 09:21:47.569 [info] Getting sessions for read:user,repo,user:email,workflow...
2025-04-13 09:21:47.577 [info] Got 0 sessions for read:user,repo,user:email,workflow...
2025-04-13 09:21:47.595 [info] Getting sessions for read:user...
2025-04-13 09:21:47.595 [info] Got 0 sessions for read:user...
2025-04-13 09:21:47.604 [info] Getting sessions for user:email...
2025-04-13 09:21:47.605 [info] Got 0 sessions for user:email...
2025-04-13 09:21:52.434 [info] Getting sessions for read:user,repo,user:email,workflow...
2025-04-13 09:21:52.434 [info] Got 0 sessions for read:user,repo,user:email,workflow...
2025-04-13 09:21:52.451 [info] Getting sessions for read:user...
2025-04-13 09:21:52.452 [info] Got 0 sessions for read:user...
2025-04-13 09:21:52.459 [info] Getting sessions for user:email...
2025-04-13 09:21:52.460 [info] Got 0 sessions for user:email...
2025-04-13 09:21:58.565 [info] Getting sessions for read:user,repo,user:email,workflow...
2025-04-13 09:21:58.566 [info] Got 0 sessions for read:user,repo,user:email,workflow...
2025-04-13 09:21:58.584 [info] Getting sessions for read:user...
2025-04-13 09:21:58.584 [info] Got 0 sessions for read:user...
2025-04-13 09:21:58.606 [info] Getting sessions for user:email...
2025-04-13 09:21:58.606 [info] Got 0 sessions for user:email...
2025-04-13 09:22:01.845 [info] Getting sessions for read:user,repo,user:email,workflow...
2025-04-13 09:22:01.846 [info] Got 0 sessions for read:user,repo,user:email,workflow...
2025-04-13 09:22:01.860 [info] Getting sessions for read:user...
2025-04-13 09:22:01.860 [info] Got 0 sessions for read:user...
2025-04-13 09:22:01.872 [info] Getting sessions for user:email...
2025-04-13 09:22:01.872 [info] Got 0 sessions for user:email...
2025-04-13 09:25:32.874 [info] Reading sessions from keychain...
2025-04-13 09:25:32.875 [info] Getting sessions for all scopes...
2025-04-13 09:25:32.875 [info] Getting sessions for all scopes...
2025-04-13 09:25:32.875 [info] Getting sessions for all scopes...
2025-04-13 09:25:32.875 [info] Got 0 sessions for ...
2025-04-13 09:25:32.875 [info] Got 0 sessions for ...
2025-04-13 09:25:32.875 [info] Got 0 sessions for ...
2025-04-13 09:25:32.875 [info] Getting sessions for all scopes...
2025-04-13 09:25:32.875 [info] Got 0 sessions for ...
2025-04-13 09:25:32.875 [info] Getting sessions for all scopes...
2025-04-13 09:25:32.875 [info] Got 0 sessions for ...
2025-04-13 09:25:32.875 [info] Getting sessions for all scopes...
2025-04-13 09:25:32.875 [info] Got 0 sessions for ...
2025-04-13 09:25:32.875 [info] Getting sessions for all scopes...
2025-04-13 09:25:32.875 [info] Got 0 sessions for ...
2025-04-13 09:25:32.875 [info] Getting sessions for all scopes...
2025-04-13 09:25:32.875 [info] Got 0 sessions for ...
2025-04-13 09:25:32.875 [info] Getting sessions for all scopes...
2025-04-13 09:25:32.875 [info] Got 0 sessions for ...
2025-04-13 09:25:34.105 [info] Getting sessions for all scopes...
2025-04-13 09:25:34.105 [info] Got 0 sessions for ...
2025-04-13 09:26:00.043 [info] Getting sessions for read:user,repo,user:email,workflow...
2025-04-13 09:26:00.043 [info] Got 0 sessions for read:user,repo,user:email,workflow...
2025-04-13 09:26:00.045 [info] Getting sessions for all scopes...
2025-04-13 09:26:00.045 [info] Got 0 sessions for ...
2025-04-13 09:26:00.047 [info] Getting sessions for all scopes...
2025-04-13 09:26:00.048 [info] Got 0 sessions for ...
2025-04-13 09:26:00.173 [info] Getting sessions for read:user...
2025-04-13 09:26:00.173 [info] Got 0 sessions for read:user...
2025-04-13 09:26:00.287 [info] Getting sessions for user:email...
2025-04-13 09:26:00.287 [info] Got 0 sessions for user:email...
2025-04-13 09:26:00.289 [info] Getting sessions for read:user,repo,user:email,workflow...
2025-04-13 09:26:00.290 [info] Got 0 sessions for read:user,repo,user:email,workflow...
2025-04-13 09:26:00.484 [info] Getting sessions for user:email...
2025-04-13 09:26:00.484 [info] Got 0 sessions for user:email...
2025-04-13 09:26:00.574 [info] Getting sessions for all scopes...
2025-04-13 09:26:00.575 [info] Got 0 sessions for ...
2025-04-13 09:26:03.631 [info] Getting sessions for user:email...
2025-04-13 09:26:03.631 [info] Got 0 sessions for user:email...
2025-04-13 09:26:03.890 [info] Getting sessions for all scopes...
2025-04-13 09:26:03.891 [info] Got 0 sessions for ...
2025-04-13 09:26:03.963 [info] Getting sessions for user:email...
2025-04-13 09:26:03.963 [info] Got 0 sessions for user:email...
2025-04-13 09:26:04.004 [info] Getting sessions for all scopes...
2025-04-13 09:26:04.004 [info] Got 0 sessions for ...
2025-04-13 09:26:04.012 [info] Getting sessions for user:email...
2025-04-13 09:26:04.012 [info] Got 0 sessions for user:email...
2025-04-13 09:26:04.033 [info] Getting sessions for all scopes...
2025-04-13 09:26:04.033 [info] Got 0 sessions for ...
2025-04-13 09:26:04.050 [info] Getting sessions for user:email...
2025-04-13 09:26:04.050 [info] Got 0 sessions for user:email...
2025-04-13 09:26:45.623 [info] Getting sessions for read:user,repo,user:email,workflow...
2025-04-13 09:26:45.623 [info] Got 0 sessions for read:user,repo,user:email,workflow...
2025-04-13 09:26:45.644 [info] Getting sessions for read:user...
2025-04-13 09:26:45.645 [info] Got 0 sessions for read:user...
2025-04-13 09:26:45.652 [info] Getting sessions for user:email...
2025-04-13 09:26:45.653 [info] Got 0 sessions for user:email...
2025-04-13 09:26:46.270 [info] Getting sessions for read:user,repo,user:email,workflow...
2025-04-13 09:26:46.270 [info] Got 0 sessions for read:user,repo,user:email,workflow...
2025-04-13 09:26:46.280 [info] Getting sessions for read:user...
2025-04-13 09:26:46.281 [info] Got 0 sessions for read:user...
2025-04-13 09:26:46.287 [info] Getting sessions for user:email...
2025-04-13 09:26:46.287 [info] Got 0 sessions for user:email...
2025-04-13 09:26:51.539 [info] Getting sessions for read:user,repo,user:email,workflow...
2025-04-13 09:26:51.539 [info] Got 0 sessions for read:user,repo,user:email,workflow...
2025-04-13 09:26:51.554 [info] Getting sessions for read:user...
2025-04-13 09:26:51.554 [info] Got 0 sessions for read:user...
2025-04-13 09:26:51.575 [info] Getting sessions for user:email...
2025-04-13 09:26:51.575 [info] Got 0 sessions for user:email...
2025-04-13 09:26:51.610 [info] Getting sessions for read:user,repo,user:email,workflow...
2025-04-13 09:26:51.610 [info] Got 0 sessions for read:user,repo,user:email,workflow...
2025-04-13 09:26:51.618 [info] Getting sessions for read:user...
2025-04-13 09:26:51.619 [info] Got 0 sessions for read:user...
2025-04-13 09:26:51.630 [info] Getting sessions for user:email...
2025-04-13 09:26:51.630 [info] Got 0 sessions for user:email...
2025-04-13 09:26:51.808 [info] Getting sessions for read:user,repo,user:email,workflow...
2025-04-13 09:26:51.808 [info] Got 0 sessions for read:user,repo,user:email,workflow...
2025-04-13 09:26:51.818 [info] Getting sessions for read:user...
2025-04-13 09:26:51.818 [info] Got 0 sessions for read:user...
2025-04-13 09:26:51.832 [info] Getting sessions for user:email...
2025-04-13 09:26:51.832 [info] Got 0 sessions for user:email...
2025-04-13 09:26:51.977 [info] Getting sessions for read:user,repo,user:email,workflow...
2025-04-13 09:26:51.977 [info] Got 0 sessions for read:user,repo,user:email,workflow...
2025-04-13 09:26:51.990 [info] Getting sessions for read:user...
2025-04-13 09:26:51.991 [info] Got 0 sessions for read:user...
2025-04-13 09:26:52.004 [info] Getting sessions for user:email...
2025-04-13 09:26:52.004 [info] Got 0 sessions for user:email...
2025-04-13 09:26:52.545 [info] Getting sessions for read:user,repo,user:email,workflow...
2025-04-13 09:26:52.545 [info] Got 0 sessions for read:user,repo,user:email,workflow...
2025-04-13 09:26:52.554 [info] Getting sessions for read:user...
2025-04-13 09:26:52.561 [info] Got 0 sessions for read:user...
2025-04-13 09:26:52.595 [info] Getting sessions for user:email...
2025-04-13 09:26:52.596 [info] Got 0 sessions for user:email...
2025-04-13 09:26:54.373 [info] Getting sessions for read:user,repo,user:email,workflow...
2025-04-13 09:26:54.374 [info] Got 0 sessions for read:user,repo,user:email,workflow...
2025-04-13 09:26:54.383 [info] Getting sessions for read:user...
2025-04-13 09:26:54.383 [info] Got 0 sessions for read:user...
2025-04-13 09:26:54.391 [info] Getting sessions for user:email...
2025-04-13 09:26:54.391 [info] Got 0 sessions for user:email...
2025-04-13 09:26:55.677 [info] Getting sessions for read:user,repo,user:email,workflow...
2025-04-13 09:26:55.677 [info] Got 0 sessions for read:user,repo,user:email,workflow...
2025-04-13 09:26:55.696 [info] Getting sessions for read:user...
2025-04-13 09:26:55.696 [info] Got 0 sessions for read:user...
2025-04-13 09:26:55.703 [info] Getting sessions for user:email...
2025-04-13 09:26:55.703 [info] Got 0 sessions for user:email...
2025-04-13 09:26:57.019 [info] Getting sessions for read:user,repo,user:email,workflow...
2025-04-13 09:26:57.019 [info] Got 0 sessions for read:user,repo,user:email,workflow...
2025-04-13 09:26:57.031 [info] Getting sessions for read:user...
2025-04-13 09:26:57.032 [info] Got 0 sessions for read:user...
2025-04-13 09:26:57.044 [info] Getting sessions for user:email...
2025-04-13 09:26:57.044 [info] Got 0 sessions for user:email...
2025-04-13 09:27:00.361 [info] Getting sessions for read:user,repo,user:email,workflow...
2025-04-13 09:27:00.361 [info] Got 0 sessions for read:user,repo,user:email,workflow...
2025-04-13 09:27:00.369 [info] Getting sessions for read:user...
2025-04-13 09:27:00.370 [info] Got 0 sessions for read:user...
2025-04-13 09:27:00.377 [info] Getting sessions for user:email...
2025-04-13 09:27:00.378 [info] Got 0 sessions for user:email...
2025-04-13 09:27:00.542 [info] Getting sessions for read:user,repo,user:email,workflow...
2025-04-13 09:27:00.543 [info] Got 0 sessions for read:user,repo,user:email,workflow...
2025-04-13 09:27:00.557 [info] Getting sessions for read:user...
2025-04-13 09:27:00.558 [info] Got 0 sessions for read:user...
2025-04-13 09:27:00.573 [info] Getting sessions for user:email...
2025-04-13 09:27:00.573 [info] Got 0 sessions for user:email...
2025-04-13 09:27:01.278 [info] Getting sessions for read:user,repo,user:email,workflow...
2025-04-13 09:27:01.279 [info] Got 0 sessions for read:user,repo,user:email,workflow...
2025-04-13 09:27:01.293 [info] Getting sessions for read:user...
2025-04-13 09:27:01.293 [info] Got 0 sessions for read:user...
2025-04-13 09:27:01.343 [info] Getting sessions for user:email...
2025-04-13 09:27:01.344 [info] Got 0 sessions for user:email...
2025-04-13 09:27:01.372 [info] Getting sessions for read:user,repo,user:email,workflow...
2025-04-13 09:27:01.373 [info] Got 0 sessions for read:user,repo,user:email,workflow...
2025-04-13 09:27:01.386 [info] Getting sessions for read:user...
2025-04-13 09:27:01.386 [info] Got 0 sessions for read:user...
2025-04-13 09:27:01.393 [info] Getting sessions for user:email...
2025-04-13 09:27:01.393 [info] Got 0 sessions for user:email...
2025-04-13 09:27:01.527 [info] Getting sessions for read:user,repo,user:email,workflow...
2025-04-13 09:27:01.527 [info] Got 0 sessions for read:user,repo,user:email,workflow...
2025-04-13 09:27:01.535 [info] Getting sessions for read:user...
2025-04-13 09:27:01.535 [info] Got 0 sessions for read:user...
2025-04-13 09:27:01.549 [info] Getting sessions for user:email...
2025-04-13 09:27:01.550 [info] Got 0 sessions for user:email...
2025-04-13 09:27:04.633 [info] Getting sessions for read:user,repo,user:email,workflow...
2025-04-13 09:27:04.633 [info] Got 0 sessions for read:user,repo,user:email,workflow...
2025-04-13 09:27:04.642 [info] Getting sessions for read:user...
2025-04-13 09:27:04.642 [info] Got 0 sessions for read:user...
2025-04-13 09:27:04.651 [info] Getting sessions for user:email...
2025-04-13 09:27:04.652 [info] Got 0 sessions for user:email...
2025-04-13 09:27:07.188 [info] Getting sessions for read:user,repo,user:email,workflow...
2025-04-13 09:27:07.189 [info] Got 0 sessions for read:user,repo,user:email,workflow...
2025-04-13 09:27:07.301 [info] Getting sessions for read:user...
2025-04-13 09:27:07.301 [info] Got 0 sessions for read:user...
2025-04-13 09:27:07.327 [info] Getting sessions for user:email...
2025-04-13 09:27:07.327 [info] Got 0 sessions for user:email...
2025-04-13 09:27:07.600 [info] Getting sessions for read:user,repo,user:email,workflow...
2025-04-13 09:27:07.600 [info] Got 0 sessions for read:user,repo,user:email,workflow...
2025-04-13 09:27:07.620 [info] Getting sessions for read:user...
2025-04-13 09:27:07.620 [info] Got 0 sessions for read:user...
2025-04-13 09:27:07.630 [info] Getting sessions for user:email...
2025-04-13 09:27:07.630 [info] Got 0 sessions for user:email...
2025-04-13 09:27:08.993 [info] Getting sessions for read:user,repo,user:email,workflow...
2025-04-13 09:27:08.993 [info] Got 0 sessions for read:user,repo,user:email,workflow...
2025-04-13 09:27:09.006 [info] Getting sessions for read:user...
2025-04-13 09:27:09.007 [info] Got 0 sessions for read:user...
2025-04-13 09:27:09.021 [info] Getting sessions for user:email...
2025-04-13 09:27:09.021 [info] Got 0 sessions for user:email...
2025-04-13 09:27:09.110 [info] Getting sessions for read:user,repo,user:email,workflow...
2025-04-13 09:27:09.110 [info] Got 0 sessions for read:user,repo,user:email,workflow...
2025-04-13 09:27:09.132 [info] Getting sessions for read:user...
2025-04-13 09:27:09.132 [info] Got 0 sessions for read:user...
2025-04-13 09:27:09.147 [info] Getting sessions for user:email...
2025-04-13 09:27:09.147 [info] Got 0 sessions for user:email...
2025-04-13 09:27:09.379 [info] Getting sessions for read:user,repo,user:email,workflow...
2025-04-13 09:27:09.379 [info] Got 0 sessions for read:user,repo,user:email,workflow...
2025-04-13 09:27:09.387 [info] Getting sessions for read:user...
2025-04-13 09:27:09.388 [info] Got 0 sessions for read:user...
2025-04-13 09:27:09.394 [info] Getting sessions for user:email...
2025-04-13 09:27:09.394 [info] Got 0 sessions for user:email...
2025-04-13 09:27:10.051 [info] Getting sessions for read:user,repo,user:email,workflow...
2025-04-13 09:27:10.051 [info] Got 0 sessions for read:user,repo,user:email,workflow...
2025-04-13 09:27:10.057 [info] Getting sessions for read:user...
2025-04-13 09:27:10.058 [info] Got 0 sessions for read:user...
2025-04-13 09:27:10.070 [info] Getting sessions for user:email...
2025-04-13 09:27:10.070 [info] Got 0 sessions for user:email...
2025-04-13 09:27:12.137 [info] Getting sessions for read:user,repo,user:email,workflow...
2025-04-13 09:27:12.137 [info] Got 0 sessions for read:user,repo,user:email,workflow...
2025-04-13 09:27:12.145 [info] Getting sessions for read:user...
2025-04-13 09:27:12.145 [info] Got 0 sessions for read:user...
2025-04-13 09:27:12.156 [info] Getting sessions for user:email...
2025-04-13 09:27:12.156 [info] Got 0 sessions for user:email...
2025-04-13 09:27:12.300 [info] Getting sessions for read:user,repo,user:email,workflow...
2025-04-13 09:27:12.300 [info] Got 0 sessions for read:user,repo,user:email,workflow...
2025-04-13 09:27:12.313 [info] Getting sessions for read:user...
2025-04-13 09:27:12.313 [info] Got 0 sessions for read:user...
2025-04-13 09:27:12.333 [info] Getting sessions for user:email...
2025-04-13 09:27:12.333 [info] Got 0 sessions for user:email...
2025-04-13 09:27:13.105 [info] Getting sessions for read:user,repo,user:email,workflow...
2025-04-13 09:27:13.106 [info] Got 0 sessions for read:user,repo,user:email,workflow...
2025-04-13 09:27:13.118 [info] Getting sessions for read:user...
2025-04-13 09:27:13.118 [info] Got 0 sessions for read:user...
2025-04-13 09:27:13.128 [info] Getting sessions for user:email...
2025-04-13 09:27:13.128 [info] Got 0 sessions for user:email...
2025-04-13 09:27:17.742 [info] Getting sessions for read:user,repo,user:email,workflow...
2025-04-13 09:27:17.742 [info] Got 0 sessions for read:user,repo,user:email,workflow...
2025-04-13 09:27:17.767 [info] Getting sessions for read:user...
2025-04-13 09:27:17.768 [info] Got 0 sessions for read:user...
2025-04-13 09:27:18.170 [info] Getting sessions for user:email...
2025-04-13 09:27:18.171 [info] Got 0 sessions for user:email...
2025-04-13 09:27:24.609 [info] Logging in with 'any' account...
2025-04-13 09:27:24.609 [info] Logging in for the following scopes: user:email
2025-04-13 09:27:24.695 [info] Trying without local server... (user:email)
2025-04-13 09:28:31.435 [error] User Cancelled
2025-04-13 09:28:33.524 [info] Trying with local server... (user:email)
2025-04-13 09:28:45.723 [info] Exchanging code for token...
2025-04-13 09:28:46.581 [info] Token exchange success!
2025-04-13 09:28:46.594 [info] Getting user info...
2025-04-13 09:28:47.358 [info] Got account info!
2025-04-13 09:28:47.366 [info] Storing 1 sessions...
2025-04-13 09:28:47.412 [info] Reading sessions from keychain...
2025-04-13 09:28:47.416 [info] Stored 1 sessions!
2025-04-13 09:28:47.418 [info] Login success!
2025-04-13 09:28:47.430 [info] Getting sessions for all scopes...
2025-04-13 09:28:47.484 [info] Getting sessions for all scopes...
2025-04-13 09:28:47.540 [info] Got stored sessions!
2025-04-13 09:28:47.541 [info] Got 1 verified sessions.
2025-04-13 09:28:47.541 [info] Got 1 sessions for ...
2025-04-13 09:28:47.541 [info] Got 1 sessions for ...
2025-04-13 09:28:47.584 [info] Getting sessions for read:user,repo,user:email,workflow...
2025-04-13 09:28:47.584 [info] Got 0 sessions for read:user,repo,user:email,workflow...
2025-04-13 09:28:47.586 [info] Getting sessions for all scopes...
2025-04-13 09:28:47.586 [info] Got 1 sessions for ...
2025-04-13 09:28:47.588 [info] Getting sessions for all scopes...
2025-04-13 09:28:47.589 [info] Got 1 sessions for ...
2025-04-13 09:28:47.598 [info] Getting sessions for read:user...
2025-04-13 09:28:47.598 [info] Got 0 sessions for read:user...
2025-04-13 09:28:47.600 [info] Getting sessions for read:user,repo,user:email,workflow...
2025-04-13 09:28:47.600 [info] Got 0 sessions for read:user,repo,user:email,workflow...
2025-04-13 09:28:47.613 [info] Getting sessions for user:email...
2025-04-13 09:28:47.613 [info] Got 1 sessions for user:email...
2025-04-13 09:28:47.615 [info] Getting sessions for user:email...
2025-04-13 09:28:47.615 [info] Got 1 sessions for user:email...
2025-04-13 09:28:47.617 [info] Getting sessions for read:user,repo,user:email,workflow...
2025-04-13 09:28:47.617 [info] Got 0 sessions for read:user,repo,user:email,workflow...
2025-04-13 09:28:47.734 [info] Getting sessions for all scopes...
2025-04-13 09:28:47.734 [info] Got 1 sessions for ...
2025-04-13 09:28:47.748 [info] Getting sessions for read:user,repo,user:email,workflow...
2025-04-13 09:28:47.749 [info] Got 0 sessions for read:user,repo,user:email,workflow...
2025-04-13 09:28:47.765 [info] Getting sessions for user:email...
2025-04-13 09:28:47.765 [info] Got 1 sessions for user:email...
2025-04-13 09:28:47.786 [info] Getting sessions for all scopes...
2025-04-13 09:28:47.786 [info] Got 1 sessions for ...
2025-04-13 09:28:47.805 [info] Getting sessions for read:user,repo,user:email,workflow...
2025-04-13 09:28:47.805 [info] Got 0 sessions for read:user,repo,user:email,workflow...
2025-04-13 09:28:47.820 [info] Getting sessions for user:email...
2025-04-13 09:28:47.820 [info] Got 1 sessions for user:email...
2025-04-13 09:28:48.906 [info] Getting sessions for all scopes...
2025-04-13 09:28:48.906 [info] Got 1 sessions for ...
2025-04-13 09:28:48.925 [info] Getting sessions for all scopes...
2025-04-13 09:28:48.926 [info] Got 1 sessions for ...
2025-04-13 09:28:48.955 [info] Getting sessions for read:user,repo,user:email,workflow...
2025-04-13 09:28:48.955 [info] Got 0 sessions for read:user,repo,user:email,workflow...
2025-04-13 09:28:48.966 [info] Getting sessions for user:email...
2025-04-13 09:28:48.966 [info] Got 1 sessions for user:email...
2025-04-13 09:28:48.968 [info] Getting sessions for read:user,repo,user:email,workflow...
2025-04-13 09:28:48.968 [info] Got 0 sessions for read:user,repo,user:email,workflow...
2025-04-13 09:28:48.983 [info] Getting sessions for all scopes...
2025-04-13 09:28:48.988 [info] Got 1 sessions for ...
2025-04-13 09:28:48.997 [info] Getting sessions for read:user,repo,user:email,workflow...
2025-04-13 09:28:48.997 [info] Got 0 sessions for read:user,repo,user:email,workflow...
2025-04-13 09:28:49.012 [info] Getting sessions for user:email...
2025-04-13 09:28:49.018 [info] Got 1 sessions for user:email...
2025-04-13 09:28:49.524 [info] Getting sessions for all scopes...
2025-04-13 09:28:49.525 [info] Got 1 sessions for ...
2025-04-13 09:28:49.542 [info] Getting sessions for all scopes...
2025-04-13 09:28:49.542 [info] Got 1 sessions for ...
2025-04-13 09:28:49.548 [info] Getting sessions for read:user,repo,user:email,workflow...
2025-04-13 09:28:49.548 [info] Got 0 sessions for read:user,repo,user:email,workflow...
2025-04-13 09:28:49.559 [info] Getting sessions for user:email...
2025-04-13 09:28:49.559 [info] Got 1 sessions for user:email...
2025-04-13 09:28:49.561 [info] Getting sessions for read:user,repo,user:email,workflow...
2025-04-13 09:28:49.561 [info] Got 0 sessions for read:user,repo,user:email,workflow...
2025-04-13 09:28:49.592 [info] Getting sessions for all scopes...
2025-04-13 09:28:49.592 [info] Got 1 sessions for ...
2025-04-13 09:28:49.599 [info] Getting sessions for read:user,repo,user:email,workflow...
2025-04-13 09:28:49.599 [info] Got 0 sessions for read:user,repo,user:email,workflow...
2025-04-13 09:28:49.643 [info] Getting sessions for user:email...
2025-04-13 09:28:49.644 [info] Got 1 sessions for user:email...
2025-04-13 09:43:54.967 [info] Getting sessions for all scopes...
2025-04-13 09:43:54.973 [info] Got 1 sessions for ...
2025-04-13 09:43:54.982 [info] Getting sessions for read:user,repo,user:email,workflow...
2025-04-13 09:43:54.983 [info] Got 0 sessions for read:user,repo,user:email,workflow...
2025-04-13 09:43:54.990 [info] Getting sessions for user:email...
2025-04-13 09:43:54.990 [info] Got 1 sessions for user:email...
2025-04-13 09:43:55.009 [info] Getting sessions for all scopes...
2025-04-13 09:43:55.009 [info] Got 1 sessions for ...
2025-04-13 09:43:55.017 [info] Getting sessions for read:user,repo,user:email,workflow...
2025-04-13 09:43:55.017 [info] Got 0 sessions for read:user,repo,user:email,workflow...
2025-04-13 09:43:55.024 [info] Getting sessions for user:email...
2025-04-13 09:43:55.024 [info] Got 1 sessions for user:email...
2025-04-13 09:54:46.445 [info] Getting sessions for read:user,repo,user:email,workflow...
2025-04-13 09:54:46.451 [info] Got 0 sessions for read:user,repo,user:email,workflow...
2025-04-13 09:54:46.461 [info] Getting sessions for read:user...
2025-04-13 09:54:46.461 [info] Got 0 sessions for read:user...
2025-04-13 09:54:46.470 [info] Getting sessions for user:email...
2025-04-13 09:54:46.470 [info] Got 1 sessions for user:email...
2025-04-13 09:59:09.530 [info] Getting sessions for all scopes...
2025-04-13 09:59:09.538 [info] Got 1 sessions for ...
2025-04-13 09:59:09.547 [info] Getting sessions for read:user,repo,user:email,workflow...
2025-04-13 09:59:09.548 [info] Got 0 sessions for read:user,repo,user:email,workflow...
2025-04-13 09:59:09.557 [info] Getting sessions for user:email...
2025-04-13 09:59:09.557 [info] Got 1 sessions for user:email...
2025-04-13 09:59:09.580 [info] Getting sessions for all scopes...
2025-04-13 09:59:09.580 [info] Got 1 sessions for ...
2025-04-13 09:59:09.594 [info] Getting sessions for read:user,repo,user:email,workflow...
2025-04-13 09:59:09.594 [info] Got 0 sessions for read:user,repo,user:email,workflow...
2025-04-13 09:59:09.605 [info] Getting sessions for user:email...
2025-04-13 09:59:09.605 [info] Got 1 sessions for user:email...
2025-04-13 09:59:11.000 [info] Getting sessions for all scopes...
2025-04-13 09:59:11.000 [info] Got 1 sessions for ...
2025-04-13 09:59:11.002 [info] Getting sessions for all scopes...
2025-04-13 09:59:11.002 [info] Got 1 sessions for ...
2025-04-13 09:59:11.014 [info] Getting sessions for read:user,repo,user:email,workflow...
2025-04-13 09:59:11.014 [info] Got 0 sessions for read:user,repo,user:email,workflow...
2025-04-13 09:59:11.026 [info] Getting sessions for user:email...
2025-04-13 09:59:11.027 [info] Got 1 sessions for user:email...
2025-04-13 09:59:11.028 [info] Getting sessions for read:user,repo,user:email,workflow...
2025-04-13 09:59:11.028 [info] Got 0 sessions for read:user,repo,user:email,workflow...
2025-04-13 09:59:11.044 [info] Getting sessions for all scopes...
2025-04-13 09:59:11.044 [info] Got 1 sessions for ...
2025-04-13 09:59:11.058 [info] Getting sessions for read:user,repo,user:email,workflow...
2025-04-13 09:59:11.058 [info] Got 0 sessions for read:user,repo,user:email,workflow...
2025-04-13 09:59:11.069 [info] Getting sessions for user:email...
2025-04-13 09:59:11.069 [info] Got 1 sessions for user:email...
2025-04-13 09:59:11.102 [info] Getting sessions for all scopes...
2025-04-13 09:59:11.102 [info] Got 1 sessions for ...
2025-04-13 09:59:11.106 [info] Getting sessions for all scopes...
2025-04-13 09:59:11.107 [info] Got 1 sessions for ...
2025-04-13 09:59:11.114 [info] Getting sessions for read:user,repo,user:email,workflow...
2025-04-13 09:59:11.114 [info] Got 0 sessions for read:user,repo,user:email,workflow...
2025-04-13 09:59:11.122 [info] Getting sessions for user:email...
2025-04-13 09:59:11.123 [info] Got 1 sessions for user:email...
2025-04-13 09:59:11.125 [info] Getting sessions for read:user,repo,user:email,workflow...
2025-04-13 09:59:11.125 [info] Got 0 sessions for read:user,repo,user:email,workflow...
2025-04-13 09:59:11.158 [info] Getting sessions for all scopes...
2025-04-13 09:59:11.159 [info] Got 1 sessions for ...
2025-04-13 09:59:11.172 [info] Getting sessions for read:user,repo,user:email,workflow...
2025-04-13 09:59:11.172 [info] Got 0 sessions for read:user,repo,user:email,workflow...
2025-04-13 09:59:11.181 [info] Getting sessions for user:email...
2025-04-13 09:59:11.181 [info] Got 1 sessions for user:email...
2025-04-13 09:59:12.581 [info] Getting sessions for all scopes...
2025-04-13 09:59:12.581 [info] Got 1 sessions for ...
2025-04-13 09:59:12.589 [info] Getting sessions for read:user,repo,user:email,workflow...
2025-04-13 09:59:12.590 [info] Got 0 sessions for read:user,repo,user:email,workflow...
2025-04-13 09:59:12.601 [info] Getting sessions for user:email...
2025-04-13 09:59:12.601 [info] Got 1 sessions for user:email...
2025-04-13 10:14:27.255 [info] Getting sessions for all scopes...
2025-04-13 10:14:27.257 [info] Got 1 sessions for ...
2025-04-13 10:14:27.270 [info] Getting sessions for read:user,repo,user:email,workflow...
2025-04-13 10:14:27.271 [info] Got 0 sessions for read:user,repo,user:email,workflow...
2025-04-13 10:14:27.286 [info] Getting sessions for user:email...
2025-04-13 10:14:27.286 [info] Got 1 sessions for user:email...
2025-04-13 10:14:27.318 [info] Getting sessions for all scopes...
2025-04-13 10:14:27.319 [info] Got 1 sessions for ...
2025-04-13 10:14:27.332 [info] Getting sessions for read:user,repo,user:email,workflow...
2025-04-13 10:14:27.332 [info] Got 0 sessions for read:user,repo,user:email,workflow...
2025-04-13 10:14:27.348 [info] Getting sessions for user:email...
2025-04-13 10:14:27.349 [info] Got 1 sessions for user:email...
